TN:
SF:script/Counter.s.sol
DA:10,0
FN:10,CounterScript.setUp
FNDA:0,CounterScript.setUp
DA:12,0
FN:12,CounterScript.run
FNDA:0,CounterScript.run
DA:13,0
DA:15,0
DA:17,0
FNF:2
FNH:0
LF:5
LH:0
BRF:0
BRH:0
end_of_record
TN:
SF:script/DeployUpgradeable.s.sol
DA:20,0
FN:20,DeployUpgradeable.run
FNDA:0,DeployUpgradeable.run
DA:21,0
DA:22,0
DA:24,0
DA:25,0
DA:27,0
DA:30,0
DA:31,0
DA:32,0
DA:35,0
DA:36,0
DA:37,0
DA:38,0
DA:41,0
DA:42,0
DA:48,0
DA:49,0
DA:50,0
DA:51,0
DA:52,0
DA:54,0
DA:55,0
DA:56,0
DA:57,0
DA:58,0
DA:61,0
DA:62,0
DA:63,0
DA:64,0
DA:66,0
DA:67,0
DA:68,0
DA:70,0
DA:73,0
DA:79,0
FN:79,DeployUpgradeable.deployMultiSig
FNDA:0,DeployUpgradeable.deployMultiSig
DA:80,0
DA:82,0
DA:84,0
DA:87,0
DA:95,0
DA:101,0
DA:102,0
DA:103,0
DA:105,0
DA:111,0
FN:111,DeployUpgradeable._saveDeploymentInfo
FNDA:0,DeployUpgradeable._saveDeploymentInfo
DA:115,0
DA:131,0
DA:132,0
FNF:3
FNH:0
LF:48
LH:0
BRF:0
BRH:0
end_of_record
TN:
SF:script/TestUpgradeable.s.sol
DA:13,0
FN:13,TestUpgradeable.run
FNDA:0,TestUpgradeable.run
DA:14,0
DA:15,0
DA:16,0
DA:17,0
DA:18,0
DA:19,0
DA:20,0
DA:21,0
DA:22,0
DA:23,0
DA:24,0
DA:25,0
DA:26,0
DA:27,0
FNF:1
FNH:0
LF:15
LH:0
BRF:0
BRH:0
end_of_record
TN:
SF:src/Counter.sol
DA:7,258
FN:7,Counter.setNumber
FNDA:258,Counter.setNumber
DA:8,258
DA:11,1
FN:11,Counter.increment
FNDA:1,Counter.increment
DA:12,1
FNF:2
FNH:2
LF:4
LH:4
BRF:0
BRH:0
end_of_record
TN:
SF:src/MiniSafeAave.sol
DA:114,4121
FN:114,MiniSafeAave102.constructor
FNDA:4121,MiniSafeAave102.constructor
DA:115,4121
DA:116,4121
DA:119,4121
DA:120,4120
DA:121,4120
DA:122,4120
DA:123,4120
DA:131,43205
FN:131,MiniSafeAave102.deposit
FNDA:43205,MiniSafeAave102.deposit
DA:132,43205
BRDA:132,0,0,43205
BRDA:132,0,1,-
DA:133,26
BRDA:133,1,0,-
BRDA:133,1,1,-
DA:136,23
DA:139,23
DA:142,23
DA:145,23
DA:147,23
DA:157,38
FN:157,MiniSafeAave102.updateUserBalance
FNDA:38,MiniSafeAave102.updateUserBalance
DA:159,38
DA:160,38
BRDA:160,2,0,-
BRDA:160,2,1,-
DA:173,43318
FN:173,MiniSafeAave102.withdraw
FNDA:43318,MiniSafeAave102.withdraw
DA:174,43318
BRDA:174,4,0,43318
BRDA:174,4,1,-
DA:175,17
BRDA:175,5,0,-
BRDA:175,5,1,-
DA:177,14
DA:178,14
BRDA:178,6,0,-
BRDA:178,6,1,-
DA:181,12
DA:185,12
DA:187,12
DA:188,12
BRDA:188,7,0,-
BRDA:188,7,1,-
DA:189,12
DA:196,15
FN:196,MiniSafeAave102._checkCircuitBreaker
FNDA:15,MiniSafeAave102._checkCircuitBreaker
DA:199,15
BRDA:199,8,0,2
DA:200,2
DA:201,2
DA:205,13
DA:206,3
BRDA:206,9,0,2
DA:207,2
DA:208,2
DA:212,11
DA:219,129
FN:219,MiniSafeAave102._triggerCircuitBreaker
FNDA:129,MiniSafeAave102._triggerCircuitBreaker
DA:220,0
DA:221,129
DA:228,125
FN:228,MiniSafeAave102.triggerCircuitBreaker
FNDA:125,MiniSafeAave102.triggerCircuitBreaker
DA:229,125
DA:235,1
FN:235,MiniSafeAave102.resumeOperations
FNDA:1,MiniSafeAave102.resumeOperations
DA:236,0
DA:243,34
FN:243,MiniSafeAave102.canWithdraw
FNDA:34,MiniSafeAave102.canWithdraw
DA:246,34
DA:249,34
DA:252,34
DA:262,34
FN:262,MiniSafeAave102._timestampToDate
FNDA:34,MiniSafeAave102._timestampToDate
DA:268,34
DA:271,34
DA:273,34
DA:275,34
DA:277,34
DA:279,34
DA:281,34
DA:283,34
DA:285,34
DA:286,34
DA:287,34
DA:289,34
DA:296,43127
FN:296,MiniSafeAave102.breakTimelock
FNDA:43127,MiniSafeAave102.breakTimelock
DA:297,43127
BRDA:297,10,0,43127
BRDA:297,10,1,-
DA:299,7
DA:300,7
BRDA:300,11,0,-
BRDA:300,11,1,-
DA:302,5
BRDA:302,12,0,-
BRDA:302,12,1,-
DA:305,3
DA:309,3
DA:311,3
DA:312,3
BRDA:312,13,0,-
BRDA:312,13,1,-
DA:314,3
DA:315,3
DA:317,3
DA:318,3
DA:319,3
DA:325,58
FN:325,MiniSafeAave102.initiateEmergencyWithdrawal
FNDA:58,MiniSafeAave102.initiateEmergencyWithdrawal
DA:326,58
DA:327,58
DA:333,99
FN:333,MiniSafeAave102.cancelEmergencyWithdrawal
FNDA:99,MiniSafeAave102.cancelEmergencyWithdrawal
DA:335,99
BRDA:335,14,0,-
BRDA:335,14,1,-
DA:336,2
DA:337,2
DA:344,82
FN:344,MiniSafeAave102.executeEmergencyWithdrawal
FNDA:82,MiniSafeAave102.executeEmergencyWithdrawal
DA:349,82
BRDA:349,15,0,-
BRDA:349,15,1,-
DA:350,7
BRDA:350,16,0,-
BRDA:350,16,1,-
DA:351,5
BRDA:351,17,0,5
BRDA:351,17,1,-
DA:353,5
DA:354,5
BRDA:354,18,0,3
BRDA:354,18,1,-
DA:356,3
DA:358,3
DA:363,3
DA:365,2
DA:374,84
FN:374,MiniSafeAave102.updateCircuitBreakerThresholds
FNDA:84,MiniSafeAave102.updateCircuitBreakerThresholds
DA:378,84
DA:379,84
DA:380,84
DA:389,5
FN:389,MiniSafeAave102.getBalance
FNDA:5,MiniSafeAave102.getBalance
DA:390,5
BRDA:390,19,0,5
BRDA:390,19,1,-
DA:391,5
DA:398,104
FN:398,MiniSafeAave102.addSupportedToken
FNDA:104,MiniSafeAave102.addSupportedToken
DA:399,104
DA:407,1
FN:407,MiniSafeAave102.getSupportedTokens
FNDA:1,MiniSafeAave102.getSupportedTokens
DA:408,1
DA:411,4064
FN:411,MiniSafeAave102.transferOwnership
FNDA:4064,MiniSafeAave102.transferOwnership
DA:412,4064
DA:413,4064
DA:414,3989
DA:417,65
FN:417,MiniSafeAave102.transferTokenStorageOwnership
FNDA:65,MiniSafeAave102.transferTokenStorageOwnership
DA:418,65
DA:421,63
FN:421,MiniSafeAave102.transferAaveIntegrationOwnership
FNDA:63,MiniSafeAave102.transferAaveIntegrationOwnership
DA:422,63
DA:430,42700
FN:430,MiniSafeAave102.onlyGroupAdmin
FNDA:42700,MiniSafeAave102.onlyGroupAdmin
DA:431,42700
BRDA:431,20,0,-
BRDA:431,20,1,-
DA:432,42700
BRDA:432,21,0,-
BRDA:432,21,1,-
DA:437,43273
FN:437,MiniSafeAave102.onlyGroupMember
FNDA:43273,MiniSafeAave102.onlyGroupMember
DA:438,43273
BRDA:438,22,0,-
BRDA:438,22,1,-
DA:439,5
BRDA:439,23,0,-
BRDA:439,23,1,-
DA:444,67
FN:444,MiniSafeAave102.onlyActiveGroup
FNDA:67,MiniSafeAave102.onlyActiveGroup
DA:445,67
BRDA:445,24,0,-
BRDA:445,24,1,-
DA:446,67
BRDA:446,25,0,-
BRDA:446,25,1,-
DA:457,41976
FN:457,MiniSafeAave102.createThriftGroup
FNDA:41976,MiniSafeAave102.createThriftGroup
DA:463,41976
BRDA:463,26,0,-
BRDA:463,26,1,-
DA:464,41103
BRDA:464,27,0,-
BRDA:464,27,1,-
DA:465,21015
BRDA:465,28,0,21015
BRDA:465,28,1,-
DA:467,28
DA:468,28
DA:469,28
DA:470,28
DA:471,28
DA:472,28
DA:473,28
DA:474,28
DA:475,28
DA:476,28
DA:477,28
DA:478,28
DA:479,28
DA:480,28
DA:482,28
DA:483,28
DA:485,21015
DA:494,0
DA:501,43665
FN:501,MiniSafeAave102.joinPublicGroup
FNDA:43665,MiniSafeAave102.joinPublicGroup
DA:502,43665
BRDA:502,29,0,-
BRDA:502,29,1,-
DA:503,74
DA:505,74
BRDA:505,30,0,-
BRDA:505,30,1,-
DA:506,73
BRDA:506,31,0,-
BRDA:506,31,1,-
DA:507,72
BRDA:507,32,0,-
BRDA:507,32,1,-
DA:508,71
BRDA:508,33,0,-
BRDA:508,33,1,-
DA:510,70
DA:513,70
BRDA:513,34,0,17
DA:514,17
DA:515,17
DA:516,17
DA:519,70
DA:527,6
FN:527,MiniSafeAave102.addMemberToPrivateGroup
FNDA:6,MiniSafeAave102.addMemberToPrivateGroup
DA:532,6
DA:534,6
BRDA:534,35,0,-
BRDA:534,35,1,-
DA:535,5
BRDA:535,36,0,-
BRDA:535,36,1,-
DA:536,5
BRDA:536,37,0,-
BRDA:536,37,1,-
DA:537,5
BRDA:537,38,0,-
BRDA:537,38,1,-
DA:539,5
DA:542,5
BRDA:542,39,0,1
DA:543,1
DA:544,1
DA:545,1
DA:548,5
DA:555,18
FN:555,MiniSafeAave102._setupPayoutOrder
FNDA:18,MiniSafeAave102._setupPayoutOrder
DA:556,18
DA:560,18
DA:561,90
DA:564,18
DA:573,67
FN:573,MiniSafeAave102.makeContribution
FNDA:67,MiniSafeAave102.makeContribution
DA:578,67
DA:580,67
BRDA:580,40,0,67
BRDA:580,40,1,-
DA:581,66
BRDA:581,41,0,-
BRDA:581,41,1,-
DA:582,65
BRDA:582,42,0,-
BRDA:582,42,1,-
DA:583,64
BRDA:583,43,0,-
BRDA:583,43,1,-
DA:586,63
DA:589,63
DA:590,64
DA:591,67
DA:593,63
DA:596,67
DA:604,63
FN:604,MiniSafeAave102._checkAndProcessPayout
FNDA:63,MiniSafeAave102._checkAndProcessPayout
DA:605,63
DA:608,63
DA:609,63
DA:610,234
BRDA:610,44,0,51
DA:611,51
DA:612,51
DA:617,12
BRDA:617,45,0,12
DA:618,12
DA:627,12
FN:627,MiniSafeAave102._processPayout
FNDA:12,MiniSafeAave102._processPayout
DA:628,12
DA:631,12
DA:634,12
DA:635,12
DA:638,12
DA:641,12
DA:650,12
DA:651,12
DA:654,12
DA:661,12
FN:661,MiniSafeAave102._resetCycle
FNDA:12,MiniSafeAave102._resetCycle
DA:662,12
DA:665,12
DA:666,60
DA:667,60
DA:671,12
DA:672,12
BRDA:672,46,0,1
DA:673,1
DA:674,1
DA:678,12
DA:686,4
FN:686,MiniSafeAave102.allMembersContributed
FNDA:4,MiniSafeAave102.allMembersContributed
DA:687,4
BRDA:687,47,0,-
BRDA:687,47,1,-
DA:688,4
DA:690,3
DA:691,7
BRDA:691,48,0,3
DA:692,3
DA:695,0
DA:703,3
FN:703,MiniSafeAave102.getCurrentRecipient
FNDA:3,MiniSafeAave102.getCurrentRecipient
DA:704,3
BRDA:704,49,0,-
BRDA:704,49,1,-
DA:705,3
DA:707,2
BRDA:707,50,0,1
DA:708,1
DA:711,1
DA:712,1
DA:721,157
FN:721,MiniSafeAave102.isGroupMember
FNDA:157,MiniSafeAave102.isGroupMember
DA:722,157
BRDA:722,51,0,-
BRDA:722,51,1,-
DA:723,157
DA:725,157
DA:726,403
BRDA:726,52,0,75
DA:727,75
DA:730,0
DA:737,4
FN:737,MiniSafeAave102.leaveGroup
FNDA:4,MiniSafeAave102.leaveGroup
DA:738,4
DA:741,4
BRDA:741,53,0,4
BRDA:741,53,1,1
DA:748,3
DA:749,3
DA:750,3
DA:754,3
DA:757,2
BRDA:757,54,0,2
DA:758,2
DA:759,2
DA:762,3
DA:766,3
BRDA:766,55,0,-
DA:768,0
DA:770,0
DA:780,1
FN:780,MiniSafeAave102._hasReceivedPayout
FNDA:1,MiniSafeAave102._hasReceivedPayout
DA:782,1
DA:784,1
DA:785,1
BRDA:785,56,0,1
DA:786,1
DA:789,0
DA:797,3
FN:797,MiniSafeAave102._removeMemberFromGroup
FNDA:3,MiniSafeAave102._removeMemberFromGroup
DA:798,3
DA:801,3
DA:802,5
BRDA:802,57,0,3
DA:803,3
DA:804,3
DA:805,0
DA:810,3
DA:811,1
BRDA:811,58,0,1
DA:812,1
DA:813,1
DA:814,0
DA:819,3
DA:820,3
DA:821,1
DA:837,18
FN:837,MiniSafeAave102.getGroupInfo
FNDA:18,MiniSafeAave102.getGroupInfo
DA:848,18
BRDA:848,59,0,-
BRDA:848,59,1,-
DA:849,18
DA:851,17
DA:869,8
FN:869,MiniSafeAave102.getGroupMembers
FNDA:8,MiniSafeAave102.getGroupMembers
DA:870,8
BRDA:870,60,0,-
BRDA:870,60,1,-
DA:871,8
DA:879,6
FN:879,MiniSafeAave102.getPayoutOrder
FNDA:6,MiniSafeAave102.getPayoutOrder
DA:880,6
BRDA:880,61,0,-
BRDA:880,61,1,-
DA:881,6
DA:891,7
FN:891,MiniSafeAave102.getMemberStatus
FNDA:7,MiniSafeAave102.getMemberStatus
DA:895,7
BRDA:895,62,0,-
BRDA:895,62,1,-
DA:896,7
DA:898,7
DA:909,3
FN:909,MiniSafeAave102.getGroupPayouts
FNDA:3,MiniSafeAave102.getGroupPayouts
DA:910,3
BRDA:910,63,0,-
BRDA:910,63,1,-
DA:913,2
DA:914,2
DA:915,2
DA:918,1
BRDA:918,64,0,1
DA:919,1
DA:924,2
DA:925,2
DA:926,2
DA:929,1
BRDA:929,65,0,1
DA:930,1
DA:931,1
DA:935,0
DA:943,2
FN:943,MiniSafeAave102.getUserTotalContributed
FNDA:2,MiniSafeAave102.getUserTotalContributed
DA:944,2
DA:945,2
DA:946,2
DA:947,2
BRDA:947,66,0,1
DA:948,1
DA:951,0
FNF:44
FNH:44
LF:305
LH:293
BRF:114
BRH:27
end_of_record
TN:
SF:src/MiniSafeAaveIntegration.sol
DA:36,0
FN:36,MiniSafeAaveIntegration.onlyAuthorizedManager
FNDA:0,MiniSafeAaveIntegration.onlyAuthorizedManager
DA:37,0
BRDA:37,0,0,-
BRDA:37,0,1,-
DA:45,4189
FN:45,MiniSafeAaveIntegration.constructor
FNDA:4189,MiniSafeAaveIntegration.constructor
DA:46,4189
DA:47,4189
DA:48,4189
DA:49,4188
DA:57,209
FN:57,MiniSafeAaveIntegration.initializeBaseTokens
FNDA:209,MiniSafeAaveIntegration.initializeBaseTokens
DA:60,209
BRDA:60,1,0,209
DA:66,147
BRDA:66,2,0,85
DA:67,85
DA:68,85
BRDA:68,3,0,-
BRDA:68,3,1,-
DA:80,79
FN:80,MiniSafeAaveIntegration.updatPoolDataProvider
FNDA:79,MiniSafeAaveIntegration.updatPoolDataProvider
DA:81,79
BRDA:81,4,0,-
BRDA:81,4,1,-
DA:82,78
DA:86,79
DA:93,119
FN:93,MiniSafeAaveIntegration.updateAavePool
FNDA:119,MiniSafeAaveIntegration.updateAavePool
DA:94,119
BRDA:94,5,0,-
BRDA:94,5,1,-
DA:95,117
DA:97,119
DA:105,280
FN:105,MiniSafeAaveIntegration.addSupportedToken
FNDA:280,MiniSafeAaveIntegration.addSupportedToken
DA:108,280
BRDA:108,6,0,-
BRDA:108,6,1,-
DA:111,275
BRDA:111,7,0,275
DA:117,235
BRDA:117,8,0,-
BRDA:117,8,1,-
DA:118,235
DA:119,166
BRDA:119,9,0,-
BRDA:119,9,1,-
DA:120,166
DA:121,38
BRDA:121,7,1,38
DA:122,38
DA:132,42750
FN:132,MiniSafeAaveIntegration.depositToAave
FNDA:42750,MiniSafeAaveIntegration.depositToAave
DA:136,42750
BRDA:136,10,0,-
BRDA:136,10,1,-
DA:137,41908
BRDA:137,11,0,41908
BRDA:137,11,1,-
DA:138,42
BRDA:138,12,0,19
BRDA:138,12,1,-
DA:141,39
DA:142,39
DA:143,39
DA:144,39
BRDA:144,13,0,-
BRDA:144,13,1,-
DA:147,38
DA:154,38
DA:157,37
DA:160,37
BRDA:160,14,0,37
DA:167,3
BRDA:167,14,1,3
DA:168,3
DA:172,0
DA:175,34
DA:177,34
DA:179,0
DA:189,43121
FN:189,MiniSafeAaveIntegration.withdrawFromAave
FNDA:43121,MiniSafeAaveIntegration.withdrawFromAave
DA:194,43121
BRDA:194,15,0,-
BRDA:194,15,1,-
DA:195,42166
BRDA:195,16,0,42166
BRDA:195,16,1,-
DA:196,39
BRDA:196,17,0,-
BRDA:196,17,1,-
DA:197,36
BRDA:197,18,0,18
BRDA:197,18,1,-
DA:201,36
DA:208,25
DA:210,25
DA:211,0
DA:219,19
FN:219,MiniSafeAaveIntegration.getATokenBalance
FNDA:19,MiniSafeAaveIntegration.getATokenBalance
DA:222,19
BRDA:222,19,0,19
BRDA:222,19,1,-
DA:224,16
BRDA:224,20,0,11
BRDA:224,20,1,-
DA:226,16
DA:227,12
BRDA:227,21,0,-
BRDA:227,21,1,-
DA:229,12
FNF:9
FNH:8
LF:62
LH:57
BRF:42
BRH:12
end_of_record
TN:
SF:src/MiniSafeFactory.sol
DA:44,18552
FN:44,MiniSafeFactory.deployMiniSafe
FNDA:18552,MiniSafeFactory.deployMiniSafe
DA:48,18552
BRDA:48,0,0,-
BRDA:48,0,1,-
DA:51,18444
DA:52,18444
DA:53,18444
DA:54,18444
DA:56,18552
DA:63,18552
DA:71,55265
FN:71,MiniSafeFactory.deployMiniSafeMultiSig
FNDA:55265,MiniSafeFactory.deployMiniSafeMultiSig
DA:75,55265
BRDA:75,1,0,-
BRDA:75,1,1,-
DA:76,55191
BRDA:76,2,0,55191
BRDA:76,2,1,73
DA:77,55149
BRDA:77,3,0,55149
BRDA:77,3,1,39003
DA:80,5369
DA:81,135494
BRDA:81,4,0,-
BRDA:81,4,1,-
DA:85,4149
BRDA:85,5,0,3760
DA:86,3760
DA:87,32704
BRDA:87,6,0,-
BRDA:87,6,1,-
DA:92,3985
DA:93,3985
DA:94,3985
DA:95,3985
DA:96,3985
DA:99,3985
DA:100,389
BRDA:100,7,0,389
BRDA:100,7,1,389
DA:102,389
DA:103,389
DA:104,48058
DA:106,389
DA:108,3596
DA:112,3985
DA:118,3985
DA:121,3985
DA:123,3985
DA:132,0
DA:141,18302
FN:141,MiniSafeFactory.deployWithRecommendedMultiSig
FNDA:18302,MiniSafeFactory.deployWithRecommendedMultiSig
DA:146,18302
DA:147,90763
BRDA:147,8,0,-
BRDA:147,8,1,-
DA:151,17947
DA:152,17947
DA:154,17947
DA:155,89735
DA:156,89735
DA:159,17947
DA:166,17947
DA:176,1
FN:176,MiniSafeFactory.getMultiSigInfo
FNDA:1,MiniSafeFactory.getMultiSigInfo
DA:181,1
DA:187,1
DA:191,1
FNF:4
FNH:4
LF:48
LH:47
BRF:17
BRH:7
end_of_record
TN:
SF:src/MiniSafeTokenStorage.sol
DA:42,31
FN:42,MiniSafeTokenStorage102.onlyValidToken
FNDA:31,MiniSafeTokenStorage102.onlyValidToken
DA:43,31
BRDA:43,0,0,-
BRDA:43,0,1,-
DA:53,42727
FN:53,MiniSafeTokenStorage102.onlyAuthorizedManager
FNDA:42727,MiniSafeTokenStorage102.onlyAuthorizedManager
DA:54,42727
BRDA:54,1,0,42940
BRDA:54,1,1,42823
DA:64,235104
FN:64,MiniSafeTokenStorage102.isValidToken
FNDA:235104,MiniSafeTokenStorage102.isValidToken
DA:65,235104
DA:74,586
FN:74,MiniSafeTokenStorage102.addSupportedToken
FNDA:586,MiniSafeTokenStorage102.addSupportedToken
DA:75,586
BRDA:75,2,0,-
BRDA:75,2,1,-
DA:76,586
BRDA:76,3,0,-
BRDA:76,3,1,-
DA:77,581
BRDA:77,4,0,-
BRDA:77,4,1,-
DA:80,579
DA:81,579
DA:83,581
DA:85,0
DA:93,112
FN:93,MiniSafeTokenStorage102.removeSupportedToken
FNDA:112,MiniSafeTokenStorage102.removeSupportedToken
DA:94,112
BRDA:94,5,0,-
BRDA:94,5,1,-
DA:95,111
BRDA:95,6,0,-
BRDA:95,6,1,-
DA:96,2
BRDA:96,7,0,-
BRDA:96,7,1,-
DA:98,1
DA:99,1
DA:101,111
DA:103,0
DA:112,2
FN:112,MiniSafeTokenStorage102.getSupportedTokens
FNDA:2,MiniSafeTokenStorage102.getSupportedTokens
DA:113,2
DA:115,2
DA:116,2
DA:119,2
BRDA:119,8,0,2
DA:120,2
DA:121,2
DA:123,2
DA:127,2
DA:128,198
DA:129,198
BRDA:129,9,0,3
DA:130,3
BRDA:130,10,0,3
DA:131,3
DA:132,3
DA:134,3
DA:138,2
DA:148,44
FN:148,MiniSafeTokenStorage102.updateUserTokenShare
FNDA:44,MiniSafeTokenStorage102.updateUserTokenShare
DA:159,44
BRDA:159,11,0,-
BRDA:159,11,1,-
DA:161,44
DA:163,27
BRDA:163,12,0,27
BRDA:163,12,1,17
DA:165,27
DA:166,27
DA:169,27
DA:172,17
BRDA:172,13,0,-
BRDA:172,13,1,-
DA:174,17
DA:175,16
DA:178,44
DA:180,43
DA:189,31
FN:189,MiniSafeTokenStorage102.getUserTokenShare
FNDA:31,MiniSafeTokenStorage102.getUserTokenShare
DA:190,31
DA:198,3
FN:198,MiniSafeTokenStorage102.getUserDepositTime
FNDA:3,MiniSafeTokenStorage102.getUserDepositTime
DA:199,3
DA:207,8499
FN:207,MiniSafeTokenStorage102.setManagerAuthorization
FNDA:8499,MiniSafeTokenStorage102.setManagerAuthorization
DA:208,8499
BRDA:208,14,0,-
BRDA:208,14,1,-
DA:210,8497
DA:212,8499
DA:220,278
FN:220,MiniSafeTokenStorage102.decrementUserIncentive
FNDA:278,MiniSafeTokenStorage102.decrementUserIncentive
DA:221,278
BRDA:221,15,0,-
BRDA:221,15,1,-
DA:222,278
FNF:11
FNH:11
LF:61
LH:59
BRF:29
BRH:7
end_of_record
TN:
SF:src/simple/SimpleMinisafe.sol
DA:40,96
FN:40,SimpleMinisafe.constructor
FNDA:96,SimpleMinisafe.constructor
DA:41,96
DA:49,47
FN:49,SimpleMinisafe.onlyValidToken
FNDA:47,SimpleMinisafe.onlyValidToken
DA:50,47
BRDA:50,0,0,-
BRDA:50,0,1,-
DA:60,0
FN:60,SimpleMinisafe.onlyAuthorizedManager
FNDA:0,SimpleMinisafe.onlyAuthorizedManager
DA:61,0
BRDA:61,1,0,-
BRDA:61,1,1,-
DA:71,175
FN:71,SimpleMinisafe.isValidToken
FNDA:175,SimpleMinisafe.isValidToken
DA:72,175
DA:80,83
FN:80,SimpleMinisafe.addSupportedToken
FNDA:83,SimpleMinisafe.addSupportedToken
DA:81,83
BRDA:81,2,0,-
BRDA:81,2,1,-
DA:82,81
BRDA:82,3,0,-
BRDA:82,3,1,-
DA:85,79
DA:87,83
DA:89,0
DA:97,10
FN:97,SimpleMinisafe.removeSupportedToken
FNDA:10,SimpleMinisafe.removeSupportedToken
DA:98,10
BRDA:98,4,0,-
BRDA:98,4,1,-
DA:99,9
BRDA:99,5,0,-
BRDA:99,5,1,-
DA:100,7
BRDA:100,6,0,-
BRDA:100,6,1,-
DA:102,4
DA:104,10
DA:106,4
DA:115,18
FN:115,SimpleMinisafe.getSupportedTokens
FNDA:18,SimpleMinisafe.getSupportedTokens
DA:116,18
DA:118,18
DA:119,18
DA:122,18
BRDA:122,7,0,5
DA:123,5
DA:124,5
DA:126,18
DA:130,18
DA:131,14985
DA:132,14985
BRDA:132,8,0,-
DA:133,0
BRDA:133,9,0,-
DA:134,0
DA:135,0
DA:137,0
DA:141,18
DA:151,49
FN:151,SimpleMinisafe.updateUserTokenShare
FNDA:49,SimpleMinisafe.updateUserTokenShare
DA:161,49
BRDA:161,10,0,-
BRDA:161,10,1,-
DA:163,49
DA:165,35
BRDA:165,11,0,35
BRDA:165,11,1,14
DA:167,35
DA:168,35
DA:171,35
DA:174,14
BRDA:174,12,0,-
BRDA:174,12,1,-
DA:176,14
DA:177,14
DA:180,49
DA:182,49
DA:193,46
FN:193,SimpleMinisafe.getUserTokenShare
FNDA:46,SimpleMinisafe.getUserTokenShare
DA:194,46
DA:202,5
FN:202,SimpleMinisafe.getUserDepositTime
FNDA:5,SimpleMinisafe.getUserDepositTime
DA:203,5
DA:211,9
FN:211,SimpleMinisafe.setManagerAuthorization
FNDA:9,SimpleMinisafe.setManagerAuthorization
DA:212,9
BRDA:212,13,0,-
BRDA:212,13,1,-
DA:216,9
DA:224,45
FN:224,SimpleMinisafe.canWithdraw
FNDA:45,SimpleMinisafe.canWithdraw
DA:227,45
DA:228,45
DA:238,45
FN:238,SimpleMinisafe._timestampToDate
FNDA:45,SimpleMinisafe._timestampToDate
DA:241,45
DA:242,45
DA:244,45
DA:246,45
DA:248,45
DA:250,45
DA:252,45
DA:254,45
DA:256,45
DA:257,45
DA:258,45
DA:267,39
FN:267,SimpleMinisafe.deposit
FNDA:39,SimpleMinisafe.deposit
DA:268,39
BRDA:268,14,0,-
BRDA:268,14,1,-
DA:269,37
BRDA:269,15,0,-
BRDA:269,15,1,-
DA:272,35
DA:275,35
DA:277,35
DA:279,0
DA:288,19
FN:288,SimpleMinisafe.withdraw
FNDA:19,SimpleMinisafe.withdraw
DA:289,19
BRDA:289,16,0,-
BRDA:289,16,1,-
DA:290,17
BRDA:290,17,0,-
BRDA:290,17,1,-
DA:292,15
DA:293,15
BRDA:293,18,0,-
BRDA:293,18,1,-
DA:296,12
BRDA:296,19,0,-
BRDA:296,19,1,-
DA:299,10
DA:302,10
DA:304,10
DA:306,0
DA:315,12
FN:315,SimpleMinisafe.breakTimelock
FNDA:12,SimpleMinisafe.breakTimelock
DA:316,12
BRDA:316,20,0,-
BRDA:316,20,1,-
DA:317,10
BRDA:317,21,0,-
BRDA:317,21,1,-
DA:319,8
DA:320,8
BRDA:320,22,0,-
BRDA:320,22,1,-
DA:323,6
BRDA:323,23,0,-
BRDA:323,23,1,-
DA:327,0
DA:336,4
DA:339,4
DA:341,4
DA:343,0
DA:350,19
FN:350,SimpleMinisafe.initiateEmergencyWithdrawal
FNDA:19,SimpleMinisafe.initiateEmergencyWithdrawal
DA:351,19
BRDA:351,24,0,-
BRDA:351,24,1,-
DA:353,17
DA:354,19
DA:356,17
DA:362,6
FN:362,SimpleMinisafe.cancelEmergencyWithdrawal
FNDA:6,SimpleMinisafe.cancelEmergencyWithdrawal
DA:363,6
BRDA:363,25,0,-
BRDA:363,25,1,-
DA:365,4
DA:367,4
DA:377,13
FN:377,SimpleMinisafe.executeEmergencyWithdrawal
FNDA:13,SimpleMinisafe.executeEmergencyWithdrawal
DA:383,13
BRDA:383,26,0,-
BRDA:383,26,1,-
DA:384,11
BRDA:384,27,0,-
BRDA:384,27,1,-
DA:385,9
BRDA:385,28,0,-
BRDA:385,28,1,-
DA:386,7
BRDA:386,29,0,-
BRDA:386,29,1,-
DA:387,13
DA:388,5
BRDA:388,30,0,-
BRDA:388,30,1,-
DA:389,3
DA:390,5
DA:391,3
DA:392,0
DA:399,12
FN:399,SimpleMinisafe.triggerCircuitBreaker
FNDA:12,SimpleMinisafe.triggerCircuitBreaker
DA:400,0
DA:402,12
DA:408,3
FN:408,SimpleMinisafe.resumeAfterCircuitBreaker
FNDA:3,SimpleMinisafe.resumeAfterCircuitBreaker
DA:409,0
FNF:21
FNH:20
LF:124
LH:110
BRF:59
BRH:3
end_of_record
TN:
SF:src/upgradeable/MiniSafeAaveIntegrationUpgradeable.sol
DA:39,35
FN:39,MiniSafeAaveIntegrationUpgradeable.constructor
FNDA:35,MiniSafeAaveIntegrationUpgradeable.constructor
DA:40,0
DA:49,29
FN:49,MiniSafeAaveIntegrationUpgradeable.initialize
FNDA:29,MiniSafeAaveIntegrationUpgradeable.initialize
DA:54,29
DA:55,0
DA:57,29
BRDA:57,0,0,-
BRDA:57,0,1,-
DA:58,29
BRDA:58,1,0,-
BRDA:58,1,1,-
DA:60,29
DA:61,29
DA:64,29
DA:65,29
DA:73,1
FN:73,MiniSafeAaveIntegrationUpgradeable._authorizeUpgrade
FNDA:1,MiniSafeAaveIntegrationUpgradeable._authorizeUpgrade
DA:78,1
FN:78,MiniSafeAaveIntegrationUpgradeable.version
FNDA:1,MiniSafeAaveIntegrationUpgradeable.version
DA:79,1
DA:85,1
FN:85,MiniSafeAaveIntegrationUpgradeable._initializeBaseTokens
FNDA:1,MiniSafeAaveIntegrationUpgradeable._initializeBaseTokens
DA:88,1
BRDA:88,2,0,1
DA:94,1
BRDA:94,3,0,1
DA:95,1
DA:96,1
BRDA:96,4,0,-
BRDA:96,4,1,-
DA:107,1
FN:107,MiniSafeAaveIntegrationUpgradeable.initializeBaseTokens
FNDA:1,MiniSafeAaveIntegrationUpgradeable.initializeBaseTokens
DA:108,0
DA:116,5
FN:116,MiniSafeAaveIntegrationUpgradeable.addSupportedToken
FNDA:5,MiniSafeAaveIntegrationUpgradeable.addSupportedToken
DA:119,5
BRDA:119,5,0,-
BRDA:119,5,1,-
DA:122,4
BRDA:122,6,0,4
DA:128,4
BRDA:128,7,0,-
BRDA:128,7,1,-
DA:129,4
DA:130,4
BRDA:130,8,0,-
BRDA:130,8,1,-
DA:131,4
DA:132,4
DA:133,0
BRDA:133,6,1,-
DA:134,0
DA:144,10
FN:144,MiniSafeAaveIntegrationUpgradeable.depositToAave
FNDA:10,MiniSafeAaveIntegrationUpgradeable.depositToAave
DA:148,10
BRDA:148,9,0,10
BRDA:148,9,1,-
DA:149,10
BRDA:149,10,0,-
BRDA:149,10,1,-
DA:152,10
DA:153,10
BRDA:153,11,0,-
BRDA:153,11,1,-
DA:156,10
DA:159,10
DA:160,10
BRDA:160,12,0,-
BRDA:160,12,1,-
DA:163,10
BRDA:163,13,0,10
DA:170,0
BRDA:170,13,1,-
DA:171,0
DA:175,0
DA:178,10
DA:180,10
DA:182,0
DA:192,6
FN:192,MiniSafeAaveIntegrationUpgradeable.withdrawFromAave
FNDA:6,MiniSafeAaveIntegrationUpgradeable.withdrawFromAave
DA:197,6
BRDA:197,14,0,6
BRDA:197,14,1,-
DA:198,6
BRDA:198,15,0,-
BRDA:198,15,1,-
DA:199,6
BRDA:199,16,0,-
BRDA:199,16,1,-
DA:202,6
DA:209,6
DA:211,6
DA:213,0
DA:221,2
FN:221,MiniSafeAaveIntegrationUpgradeable.getATokenBalance
FNDA:2,MiniSafeAaveIntegrationUpgradeable.getATokenBalance
DA:222,2
BRDA:222,17,0,2
BRDA:222,17,1,-
DA:223,2
DA:224,2
DA:232,1
FN:232,MiniSafeAaveIntegrationUpgradeable.emergencyWithdraw
FNDA:1,MiniSafeAaveIntegrationUpgradeable.emergencyWithdraw
DA:233,1
BRDA:233,18,0,-
BRDA:233,18,1,-
DA:235,1
BRDA:235,19,0,-
DA:237,0
DA:238,0
DA:240,0
BRDA:240,20,0,-
DA:241,0
DA:242,0
BRDA:242,21,0,-
BRDA:242,21,1,-
DA:247,1
DA:248,1
BRDA:248,22,0,1
DA:249,1
FNF:11
FNH:11
LF:69
LH:54
BRF:41
BRH:8
end_of_record
TN:
SF:src/upgradeable/MiniSafeAaveUpgradeable.sol
DA:125,25
FN:125,MiniSafeAaveUpgradeable.constructor
FNDA:25,MiniSafeAaveUpgradeable.constructor
DA:126,0
DA:135,19
FN:135,MiniSafeAaveUpgradeable.initialize
FNDA:19,MiniSafeAaveUpgradeable.initialize
DA:140,0
DA:141,0
DA:142,19
DA:143,0
DA:146,19
DA:147,19
DA:150,19
DA:151,19
DA:160,2
FN:160,MiniSafeAaveUpgradeable._authorizeUpgrade
FNDA:2,MiniSafeAaveUpgradeable._authorizeUpgrade
DA:165,2
FN:165,MiniSafeAaveUpgradeable.version
FNDA:2,MiniSafeAaveUpgradeable.version
DA:166,2
DA:176,13
FN:176,MiniSafeAaveUpgradeable.updateUserBalance
FNDA:13,MiniSafeAaveUpgradeable.updateUserBalance
DA:178,13
DA:179,13
BRDA:179,0,0,-
BRDA:179,0,1,-
DA:187,5
FN:187,MiniSafeAaveUpgradeable.withdraw
FNDA:5,MiniSafeAaveUpgradeable.withdraw
DA:188,5
BRDA:188,1,0,5
BRDA:188,1,1,-
DA:189,5
BRDA:189,2,0,-
BRDA:189,2,1,-
DA:191,4
DA:192,4
BRDA:192,3,0,-
BRDA:192,3,1,-
DA:195,3
DA:199,3
DA:201,3
DA:202,3
BRDA:202,4,0,-
BRDA:202,4,1,-
DA:203,3
DA:210,4
FN:210,MiniSafeAaveUpgradeable._checkCircuitBreaker
FNDA:4,MiniSafeAaveUpgradeable._checkCircuitBreaker
DA:213,4
BRDA:213,5,0,1
DA:214,1
DA:215,1
DA:219,3
DA:220,0
BRDA:220,6,0,-
DA:221,0
DA:222,0
DA:226,3
DA:233,1
FN:233,MiniSafeAaveUpgradeable._triggerCircuitBreaker
FNDA:1,MiniSafeAaveUpgradeable._triggerCircuitBreaker
DA:234,0
DA:236,1
DA:245,1
FN:245,MiniSafeAaveUpgradeable.unpause
FNDA:1,MiniSafeAaveUpgradeable.unpause
DA:246,0
DA:255,8
FN:255,MiniSafeAaveUpgradeable.canWithdraw
FNDA:8,MiniSafeAaveUpgradeable.canWithdraw
DA:256,8
DA:259,8
DA:271,8
FN:271,MiniSafeAaveUpgradeable._timestampToDate
FNDA:8,MiniSafeAaveUpgradeable._timestampToDate
DA:272,8
DA:274,8
DA:276,8
DA:278,8
DA:280,8
DA:282,8
DA:284,8
DA:286,8
DA:287,8
DA:288,8
BRDA:288,7,0,8
DA:289,8
DA:297,3
FN:297,MiniSafeAaveUpgradeable.breakTimelock
FNDA:3,MiniSafeAaveUpgradeable.breakTimelock
DA:298,3
BRDA:298,8,0,3
BRDA:298,8,1,-
DA:300,3
DA:301,3
BRDA:301,9,0,-
BRDA:301,9,1,-
DA:303,2
BRDA:303,10,0,-
BRDA:303,10,1,-
DA:306,1
DA:310,1
DA:312,1
DA:313,1
BRDA:313,11,0,-
BRDA:313,11,1,-
DA:315,1
DA:316,1
DA:318,1
DA:319,1
DA:320,1
DA:326,1
FN:326,MiniSafeAaveUpgradeable.initiateEmergencyWithdrawal
FNDA:1,MiniSafeAaveUpgradeable.initiateEmergencyWithdrawal
DA:327,1
DA:328,1
DA:334,1
FN:334,MiniSafeAaveUpgradeable.cancelEmergencyWithdrawal
FNDA:1,MiniSafeAaveUpgradeable.cancelEmergencyWithdrawal
DA:335,1
BRDA:335,12,0,-
BRDA:335,12,1,-
DA:336,0
DA:337,0
DA:344,2
FN:344,MiniSafeAaveUpgradeable.executeEmergencyWithdrawal
FNDA:2,MiniSafeAaveUpgradeable.executeEmergencyWithdrawal
DA:345,2
BRDA:345,13,0,2
BRDA:345,13,1,-
DA:346,2
BRDA:346,14,0,-
BRDA:346,14,1,-
DA:347,1
BRDA:347,15,0,-
BRDA:347,15,1,-
DA:350,1
DA:353,1
DA:354,1
DA:357,1
DA:363,1
DA:374,12
FN:374,MiniSafeAaveUpgradeable.deposit
FNDA:12,MiniSafeAaveUpgradeable.deposit
DA:375,12
BRDA:375,16,0,12
BRDA:375,16,1,-
DA:376,11
BRDA:376,17,0,-
BRDA:376,17,1,-
DA:379,10
DA:382,9
DA:385,9
DA:387,9
DA:400,2
FN:400,MiniSafeAaveUpgradeable.getUserBalance
FNDA:2,MiniSafeAaveUpgradeable.getUserBalance
DA:401,2
FNF:17
FNH:17
LF:95
LH:84
BRF:33
BRH:6
end_of_record
TN:
SF:src/upgradeable/MiniSafeFactoryUpgradeable.sol
DA:58,7
FN:58,MiniSafeFactoryUpgradeable.constructor
FNDA:7,MiniSafeFactoryUpgradeable.constructor
DA:60,0
DA:66,7
FN:66,MiniSafeFactoryUpgradeable._deployImplementations
FNDA:7,MiniSafeFactoryUpgradeable._deployImplementations
DA:67,7
DA:68,7
DA:69,7
DA:71,7
DA:83,4
FN:83,MiniSafeFactoryUpgradeable.deployUpgradeableMiniSafe
FNDA:4,MiniSafeFactoryUpgradeable.deployUpgradeableMiniSafe
DA:87,4
BRDA:87,0,0,-
BRDA:87,0,1,-
DA:88,3
BRDA:88,1,0,3
BRDA:88,1,1,-
DA:89,3
BRDA:89,2,0,3
BRDA:89,2,1,3
DA:92,3
DA:93,7
BRDA:93,3,0,-
BRDA:93,3,1,-
DA:97,3
BRDA:97,4,0,3
DA:98,3
DA:99,7
BRDA:99,5,0,-
BRDA:99,5,1,-
DA:104,3
DA:105,0
BRDA:105,6,0,-
BRDA:105,6,1,-
DA:107,0
DA:108,0
DA:109,0
DA:111,0
DA:113,3
DA:117,3
DA:123,3
DA:126,3
DA:130,3
DA:134,3
DA:137,3
DA:141,3
DA:147,3
DA:151,3
DA:154,3
DA:160,3
DA:164,3
DA:169,3
DA:179,0
DA:189,1
FN:189,MiniSafeFactoryUpgradeable.deployWithRecommendedMultiSig
FNDA:1,MiniSafeFactoryUpgradeable.deployWithRecommendedMultiSig
DA:195,1
DA:196,5
BRDA:196,7,0,-
BRDA:196,7,1,-
DA:200,1
DA:201,1
DA:203,1
DA:204,5
DA:205,5
DA:208,1
DA:216,1
DA:226,1
FN:226,MiniSafeFactoryUpgradeable.deployForSingleOwner
FNDA:1,MiniSafeFactoryUpgradeable.deployForSingleOwner
DA:231,1
BRDA:231,8,0,-
BRDA:231,8,1,-
DA:233,1
DA:234,1
DA:235,1
DA:236,1
DA:238,1
DA:246,1
DA:255,1
FN:255,MiniSafeFactoryUpgradeable.upgradeImplementations
FNDA:1,MiniSafeFactoryUpgradeable.upgradeImplementations
DA:260,1
BRDA:260,9,0,1
DA:261,1
DA:263,1
BRDA:263,10,0,1
DA:264,1
DA:266,1
BRDA:266,11,0,1
DA:267,1
DA:270,1
DA:283,1
FN:283,MiniSafeFactoryUpgradeable.getImplementations
FNDA:1,MiniSafeFactoryUpgradeable.getImplementations
DA:288,1
FNF:7
FNH:7
LF:65
LH:58
BRF:20
BRH:7
end_of_record
TN:
SF:src/upgradeable/MiniSafeTokenStorageUpgradeable.sol
DA:51,53
FN:51,MiniSafeTokenStorageUpgradeable.constructor
FNDA:53,MiniSafeTokenStorageUpgradeable.constructor
DA:52,0
DA:59,46
FN:59,MiniSafeTokenStorageUpgradeable.initialize
FNDA:46,MiniSafeTokenStorageUpgradeable.initialize
DA:60,46
DA:61,0
DA:64,46
DA:70,2
FN:70,MiniSafeTokenStorageUpgradeable._authorizeUpgrade
FNDA:2,MiniSafeTokenStorageUpgradeable._authorizeUpgrade
DA:75,1
FN:75,MiniSafeTokenStorageUpgradeable.version
FNDA:1,MiniSafeTokenStorageUpgradeable.version
DA:76,1
DA:82,2
FN:82,MiniSafeTokenStorageUpgradeable.onlyAuthorizedManager
FNDA:2,MiniSafeTokenStorageUpgradeable.onlyAuthorizedManager
DA:83,2
BRDA:83,0,0,1
BRDA:83,0,1,-
DA:92,66
FN:92,MiniSafeTokenStorageUpgradeable.setManagerAuthorization
FNDA:66,MiniSafeTokenStorageUpgradeable.setManagerAuthorization
DA:93,66
DA:94,66
DA:103,31
FN:103,MiniSafeTokenStorageUpgradeable.addSupportedToken
FNDA:31,MiniSafeTokenStorageUpgradeable.addSupportedToken
DA:104,31
BRDA:104,1,0,-
BRDA:104,1,1,-
DA:105,31
BRDA:105,2,0,-
BRDA:105,2,1,-
DA:106,29
BRDA:106,3,0,-
BRDA:106,3,1,-
DA:108,28
DA:114,28
DA:115,29
DA:116,0
DA:124,3
FN:124,MiniSafeTokenStorageUpgradeable.removeSupportedToken
FNDA:3,MiniSafeTokenStorageUpgradeable.removeSupportedToken
DA:125,3
BRDA:125,4,0,-
BRDA:125,4,1,-
DA:126,2
BRDA:126,5,0,-
BRDA:126,5,1,-
DA:128,1
DA:131,1
DA:132,1
BRDA:132,6,0,1
DA:133,1
DA:134,1
DA:135,1
DA:139,1
DA:140,0
DA:151,19
FN:151,MiniSafeTokenStorageUpgradeable.updateUserTokenShare
FNDA:19,MiniSafeTokenStorageUpgradeable.updateUserTokenShare
DA:157,19
BRDA:157,7,0,-
BRDA:157,7,1,-
DA:158,18
BRDA:158,8,0,-
BRDA:158,8,1,-
DA:160,18
DA:162,12
BRDA:162,9,0,12
BRDA:162,9,1,6
DA:163,12
DA:164,12
DA:165,12
DA:167,6
BRDA:167,10,0,-
BRDA:167,10,1,-
DA:168,6
DA:169,5
DA:172,19
DA:173,0
DA:182,15
FN:182,MiniSafeTokenStorageUpgradeable.getUserTokenShare
FNDA:15,MiniSafeTokenStorageUpgradeable.getUserTokenShare
DA:183,15
DA:192,1
FN:192,MiniSafeTokenStorageUpgradeable.getUserDepositTime
FNDA:1,MiniSafeTokenStorageUpgradeable.getUserDepositTime
DA:193,1
DA:201,45
FN:201,MiniSafeTokenStorageUpgradeable.isValidToken
FNDA:45,MiniSafeTokenStorageUpgradeable.isValidToken
DA:202,45
DA:210,15
FN:210,MiniSafeTokenStorageUpgradeable.getTokenATokenAddress
FNDA:15,MiniSafeTokenStorageUpgradeable.getTokenATokenAddress
DA:211,15
BRDA:211,11,0,-
BRDA:211,11,1,-
DA:212,15
DA:220,2
FN:220,MiniSafeTokenStorageUpgradeable.getTotalShares
FNDA:2,MiniSafeTokenStorageUpgradeable.getTotalShares
DA:221,2
DA:228,2
FN:228,MiniSafeTokenStorageUpgradeable.getSupportedTokens
FNDA:2,MiniSafeTokenStorageUpgradeable.getSupportedTokens
DA:229,2
DA:237,2
FN:237,MiniSafeTokenStorageUpgradeable.getUserIncentive
FNDA:2,MiniSafeTokenStorageUpgradeable.getUserIncentive
DA:238,2
DA:246,1
FN:246,MiniSafeTokenStorageUpgradeable.incrementUserIncentive
FNDA:1,MiniSafeTokenStorageUpgradeable.incrementUserIncentive
DA:247,1
DA:255,2
FN:255,MiniSafeTokenStorageUpgradeable.decrementUserIncentive
FNDA:2,MiniSafeTokenStorageUpgradeable.decrementUserIncentive
DA:256,2
BRDA:256,12,0,-
BRDA:256,12,1,-
DA:257,2
FNF:18
FNH:18
LF:66
LH:61
BRF:25
BRH:4
end_of_record
TN:
SF:test/Invariant.t.sol
DA:21,72
FN:21,MockERC20.constructor
FNDA:72,MockERC20.constructor
DA:22,72
DA:23,72
DA:26,73439
FN:26,MockERC20.mint
FNDA:73439,MockERC20.mint
DA:27,73439
DA:28,73439
DA:31,73315
FN:31,MockERC20.transfer
FNDA:73315,MockERC20.transfer
DA:32,73315
BRDA:32,0,0,-
BRDA:32,0,1,-
DA:33,1662
DA:34,73315
DA:35,1662
DA:38,71640
FN:38,MockERC20.transferFrom
FNDA:71640,MockERC20.transferFrom
DA:39,71640
BRDA:39,1,0,-
BRDA:39,1,1,-
DA:40,1514
BRDA:40,2,0,-
BRDA:40,2,1,-
DA:42,1512
DA:43,71640
DA:44,71640
DA:45,0
DA:48,73079
FN:48,MockERC20.approve
FNDA:73079,MockERC20.approve
DA:49,73079
DA:50,0
DA:59,18319
FN:59,MockAavePool.setShouldFailSupply
FNDA:18319,MockAavePool.setShouldFailSupply
DA:60,18319
DA:63,18074
FN:63,MockAavePool.setShouldFailWithdraw
FNDA:18074,MockAavePool.setShouldFailWithdraw
DA:64,18074
DA:67,18417
FN:67,MockAavePool.supply
FNDA:18417,MockAavePool.supply
DA:68,7133
BRDA:68,0,0,7133
DA:69,11284
DA:71,11284
DA:74,18387
FN:74,MockAavePool.withdraw
FNDA:18387,MockAavePool.withdraw
DA:75,6832
BRDA:75,1,0,6832
DA:76,11555
BRDA:76,2,0,-
BRDA:76,2,1,-
DA:77,289
DA:78,11555
DA:79,0
DA:87,18460
FN:87,MockAaveDataProvider.setShouldFail
FNDA:18460,MockAaveDataProvider.setShouldFail
DA:88,18460
DA:91,18161
FN:91,MockAaveDataProvider.setAToken
FNDA:18161,MockAaveDataProvider.setAToken
DA:92,18161
DA:95,224
FN:95,MockAaveDataProvider.getReserveTokensAddresses
FNDA:224,MockAaveDataProvider.getReserveTokensAddresses
DA:100,97
BRDA:100,0,0,97
DA:101,127
DA:109,18
FN:109,MockAaveProvider.constructor
FNDA:18,MockAaveProvider.constructor
DA:110,18
DA:111,18
DA:114,3980
FN:114,MockAaveProvider.getPool
FNDA:3980,MockAaveProvider.getPool
DA:115,3980
DA:118,3980
FN:118,MockAaveProvider.getPoolDataProvider
FNDA:3980,MockAaveProvider.getPoolDataProvider
DA:119,3980
FNF:15
FNH:15
LF:49
LH:46
BRF:11
BRH:3
end_of_record
TN:
SF:test/MiniSafeAave.t.sol
DA:31,87
FN:31,MockAddressesProvider.constructor
FNDA:87,MockAddressesProvider.constructor
DA:32,87
DA:33,87
DA:36,88
FN:36,MockAddressesProvider.getPool
FNDA:88,MockAddressesProvider.getPool
DA:37,88
DA:40,88
FN:40,MockAddressesProvider.getPoolDataProvider
FNDA:88,MockAddressesProvider.getPoolDataProvider
DA:41,88
FNF:3
FNH:3
LF:7
LH:7
BRF:0
BRH:0
end_of_record
TN:
SF:test/MiniSafeAaveIntegration.t.sol
DA:13,257
FN:13,MockERC20.constructor
FNDA:257,MockERC20.constructor
DA:14,257
DA:17,496
FN:17,MockERC20.mint
FNDA:496,MockERC20.mint
DA:18,496
DA:29,279
FN:29,MockAavePool.setAToken
FNDA:279,MockAavePool.setAToken
DA:30,279
DA:33,4
FN:33,MockAavePool.setShouldFail
FNDA:4,MockAavePool.setShouldFail
DA:34,4
DA:37,2
FN:37,MockAavePool.setShouldFailWithdraw
FNDA:2,MockAavePool.setShouldFailWithdraw
DA:38,2
DA:41,0
FN:41,MockAavePool.setShouldFailDataProvider
FNDA:0,MockAavePool.setShouldFailDataProvider
DA:42,0
DA:45,37
FN:45,MockAavePool.supply
FNDA:37,MockAavePool.supply
DA:46,3
BRDA:46,0,0,3
DA:47,34
DA:48,34
DA:51,34
DA:52,34
BRDA:52,1,0,33
DA:53,33
DA:57,27
FN:57,MockAavePool.withdraw
FNDA:27,MockAavePool.withdraw
DA:58,2
BRDA:58,2,0,2
DA:59,25
BRDA:59,3,0,-
BRDA:59,3,1,-
DA:60,25
DA:61,25
DA:62,0
DA:69,234
FN:69,MockAToken.constructor
FNDA:234,MockAToken.constructor
DA:70,234
DA:71,234
DA:74,228
FN:74,MockAToken.mint
FNDA:228,MockAToken.mint
DA:75,228
DA:83,49
FN:83,MockDataProvider.setAToken
FNDA:49,MockDataProvider.setAToken
DA:84,49
DA:87,3
FN:87,MockDataProvider.setShouldFail
FNDA:3,MockDataProvider.setShouldFail
DA:88,3
DA:91,6
FN:91,MockDataProvider.getReserveTokensAddresses
FNDA:6,MockDataProvider.getReserveTokensAddresses
DA:92,2
BRDA:92,0,0,2
DA:93,4
DA:101,138
FN:101,MockPoolDataProvider.constructor
FNDA:138,MockPoolDataProvider.constructor
DA:102,138
DA:105,15
FN:105,MockPoolDataProvider.setAToken
FNDA:15,MockPoolDataProvider.setAToken
DA:106,15
DA:109,1
FN:109,MockPoolDataProvider.setShouldFail
FNDA:1,MockPoolDataProvider.setShouldFail
DA:110,1
DA:113,251
FN:113,MockPoolDataProvider.getReserveTokensAddresses
FNDA:251,MockPoolDataProvider.getReserveTokensAddresses
DA:114,1
BRDA:114,0,0,1
DA:115,250
FNF:17
FNH:16
LF:46
LH:43
BRF:7
BRH:5
end_of_record
TN:
SF:test/MiniSafeFactory.t.sol
DA:13,1
FN:13,MockAaveProvider.getPool
FNDA:1,MockAaveProvider.getPool
DA:14,1
DA:19,1
FN:19,MockAavePool.getReserveData
FNDA:1,MockAavePool.getReserveData
DA:22,1
FNF:2
FNH:2
LF:4
LH:4
BRF:0
BRH:0
end_of_record
TN:
SF:test/MiniSafeThrift.t.sol
DA:15,28
FN:15,MockAddressesProvider.constructor
FNDA:28,MockAddressesProvider.constructor
DA:16,28
DA:17,28
DA:20,28
FN:20,MockAddressesProvider.getPool
FNDA:28,MockAddressesProvider.getPool
DA:21,28
DA:24,28
FN:24,MockAddressesProvider.getPoolDataProvider
FNDA:28,MockAddressesProvider.getPoolDataProvider
DA:25,28
FNF:3
FNH:3
LF:7
LH:7
BRF:0
BRH:0
end_of_record
TN:
SF:test/MiniSafeThriftBranchCoverage.t.sol
DA:16,1
FN:16,MockAddressesProvider.constructor
FNDA:1,MockAddressesProvider.constructor
DA:17,1
DA:18,1
DA:21,1
FN:21,MockAddressesProvider.getPool
FNDA:1,MockAddressesProvider.getPool
DA:22,1
DA:25,1
FN:25,MockAddressesProvider.getPoolDataProvider
FNDA:1,MockAddressesProvider.getPoolDataProvider
DA:26,1
FNF:3
FNH:3
LF:7
LH:7
BRF:0
BRH:0
end_of_record
TN:
SF:test/SimpleMinisafe.t.sol
DA:9,98
FN:9,MockERC20.constructor
FNDA:98,MockERC20.constructor
DA:10,98
DA:13,172
FN:13,MockERC20.mint
FNDA:172,MockERC20.mint
DA:14,172
FNF:2
FNH:2
LF:4
LH:4
BRF:0
BRH:0
end_of_record
TN:
SF:test/SimpleMinisafeExtended.t.sol
DA:9,31
FN:9,MockERC20.constructor
FNDA:31,MockERC20.constructor
DA:10,31
DA:13,42
FN:13,MockERC20.mint
FNDA:42,MockERC20.mint
DA:14,42
FNF:2
FNH:2
LF:4
LH:4
BRF:0
BRH:0
end_of_record
TN:
SF:test/upgradeable/MiniSafeAaveIntegrationUpgradeable.t.sol
DA:15,20
FN:15,MockERC20.constructor
FNDA:20,MockERC20.constructor
DA:16,20
DA:19,2
FN:19,MockERC20.mint
FNDA:2,MockERC20.mint
DA:20,2
DA:29,10
FN:29,MockAavePool.setAToken
FNDA:10,MockAavePool.setAToken
DA:30,10
DA:33,1
FN:33,MockAavePool.supply
FNDA:1,MockAavePool.supply
DA:34,1
DA:35,1
DA:37,1
BRDA:37,0,0,1
DA:38,1
DA:42,1
FN:42,MockAavePool.withdraw
FNDA:1,MockAavePool.withdraw
DA:43,1
BRDA:43,1,0,1
DA:44,1
DA:46,1
DA:47,0
DA:50,1
FN:50,MockAavePool.setSupplied
FNDA:1,MockAavePool.setSupplied
DA:51,1
DA:58,20
FN:58,MockPoolDataProvider.setAToken
FNDA:20,MockPoolDataProvider.setAToken
DA:59,20
DA:62,5
FN:62,MockPoolDataProvider.getReserveTokensAddresses
FNDA:5,MockPoolDataProvider.getReserveTokensAddresses
DA:63,5
DA:71,10
FN:71,MockAddressesProvider.constructor
FNDA:10,MockAddressesProvider.constructor
DA:72,10
DA:73,10
DA:76,10
FN:76,MockAddressesProvider.getPool
FNDA:10,MockAddressesProvider.getPool
DA:77,10
DA:80,10
FN:80,MockAddressesProvider.getPoolDataProvider
FNDA:10,MockAddressesProvider.getPoolDataProvider
DA:81,10
FNF:11
FNH:11
LF:29
LH:28
BRF:2
BRH:2
end_of_record
TN:
SF:test/upgradeable/MiniSafeAaveUpgradeable.t.sol
DA:15,64
FN:15,MockERC20.mint
FNDA:64,MockERC20.mint
DA:16,64
DA:24,16
FN:24,MockAToken.constructor
FNDA:16,MockAToken.constructor
DA:25,16
DA:28,25
FN:28,MockAToken.mint
FNDA:25,MockAToken.mint
DA:29,25
DA:37,16
FN:37,MockAavePool.setAToken
FNDA:16,MockAavePool.setAToken
DA:38,16
DA:41,9
FN:41,MockAavePool.supply
FNDA:9,MockAavePool.supply
DA:42,9
DA:43,9
DA:44,0
DA:47,5
FN:47,MockAavePool.withdraw
FNDA:5,MockAavePool.withdraw
DA:49,5
DA:50,0
DA:58,16
FN:58,MockPoolDataProvider.constructor
FNDA:16,MockPoolDataProvider.constructor
DA:59,16
DA:62,0
FN:62,MockPoolDataProvider.getReserveTokensAddresses
FNDA:0,MockPoolDataProvider.getReserveTokensAddresses
DA:64,0
BRDA:64,0,0,-
DA:65,0
DA:67,0
DA:76,16
FN:76,MockAddressesProvider.constructor
FNDA:16,MockAddressesProvider.constructor
DA:77,16
DA:78,16
DA:81,16
FN:81,MockAddressesProvider.getPool
FNDA:16,MockAddressesProvider.getPool
DA:82,16
DA:85,16
FN:85,MockAddressesProvider.getPoolDataProvider
FNDA:16,MockAddressesProvider.getPoolDataProvider
DA:86,16
FNF:11
FNH:10
LF:28
LH:22
BRF:1
BRH:0
end_of_record
TN:
SF:test/upgradeable/MiniSafeFactoryUpgradeable.t.sol
DA:14,0
FN:14,MockAaveProvider.getPool
FNDA:0,MockAaveProvider.getPool
DA:15,0
DA:17,0
FN:17,MockAaveProvider.getPoolDataProvider
FNDA:0,MockAaveProvider.getPoolDataProvider
DA:18,0
DA:23,0
FN:23,MockAavePoolDataProvider.getReserveTokensAddresses
FNDA:0,MockAavePoolDataProvider.getReserveTokensAddresses
DA:24,0
FNF:3
FNH:0
LF:6
LH:0
BRF:0
BRH:0
end_of_record
TN:
SF:test/upgradeable/MiniSafeTokenStorageUpgradeable.t.sol
DA:11,0
FN:11,MockERC20.constructor
FNDA:0,MockERC20.constructor
DA:12,0
DA:15,0
FN:15,MockERC20.mint
FNDA:0,MockERC20.mint
DA:16,0
FNF:2
FNH:0
LF:4
LH:0
BRF:0
BRH:0
end_of_record
