TN:
SF:script/DeployMultisig.s.sol
DA:23,0
FN:23,DeployMultisig.run
FNDA:0,DeployMultisig.run
DA:24,0
DA:25,0
DA:27,0
DA:28,0
DA:30,0
DA:33,0
DA:34,0
DA:35,0
DA:36,0
DA:39,0
DA:40,0
DA:46,0
DA:49,0
DA:50,0
DA:51,0
DA:54,0
DA:55,0
DA:56,0
DA:57,0
DA:58,0
DA:59,0
DA:61,0
DA:62,0
DA:69,0
DA:70,0
DA:71,0
DA:72,0
DA:73,0
DA:75,0
DA:76,0
DA:77,0
DA:78,0
DA:79,0
DA:80,0
DA:83,0
DA:84,0
DA:85,0
DA:87,0
DA:88,0
DA:90,0
DA:94,0
DA:95,0
FNF:1
FNH:0
LF:43
LH:0
BRF:0
BRH:0
end_of_record
TN:
SF:script/DeployUpgradeable.s.sol
DA:25,0
FN:25,DeployUpgradeable.run
FNDA:0,DeployUpgradeable.run
DA:26,0
DA:27,0
DA:29,0
DA:30,0
DA:32,0
DA:35,0
DA:36,0
DA:37,0
DA:38,0
DA:41,0
DA:42,0
DA:48,0
DA:51,0
DA:52,0
DA:53,0
DA:56,0
DA:57,0
DA:63,0
DA:64,0
DA:65,0
DA:66,0
DA:67,0
DA:69,0
DA:73,0
DA:74,0
DA:80,0
FN:80,DeployUpgradeable.deployMultiSig
FNDA:0,DeployUpgradeable.deployMultiSig
DA:81,0
DA:82,0
DA:84,0
DA:85,0
DA:87,0
DA:90,0
DA:91,0
DA:92,0
DA:93,0
DA:96,0
DA:97,0
DA:103,0
DA:106,0
DA:107,0
DA:108,0
DA:111,0
DA:119,0
DA:120,0
DA:126,0
DA:127,0
DA:128,0
DA:129,0
DA:130,0
DA:132,0
DA:133,0
DA:134,0
DA:135,0
DA:136,0
DA:137,0
DA:140,0
DA:141,0
DA:142,0
DA:144,0
DA:145,0
DA:147,0
DA:151,0
DA:152,0
FNF:2
FNH:0
LF:64
LH:0
BRF:0
BRH:0
end_of_record
TN:
SF:src/MiniSafeAaveIntegrationUpgradeable.sol
DA:39,358
FN:39,MiniSafeAaveIntegrationUpgradeable.constructor
FNDA:358,MiniSafeAaveIntegrationUpgradeable.constructor
DA:40,358
DA:46,62
FN:46,MiniSafeAaveIntegrationUpgradeable.onlyAuthorizedManager
FNDA:62,MiniSafeAaveIntegrationUpgradeable.onlyAuthorizedManager
DA:47,62
DA:48,62
BRDA:48,0,0,1
BRDA:48,0,1,213
DA:59,360
FN:59,MiniSafeAaveIntegrationUpgradeable.initialize
FNDA:360,MiniSafeAaveIntegrationUpgradeable.initialize
DA:64,359
DA:65,359
DA:67,359
BRDA:67,1,0,-
BRDA:67,1,1,359
DA:68,359
BRDA:68,2,0,-
BRDA:68,2,1,359
DA:70,359
DA:71,359
DA:74,359
DA:75,359
DA:83,3
FN:83,MiniSafeAaveIntegrationUpgradeable._authorizeUpgrade
FNDA:3,MiniSafeAaveIntegrationUpgradeable._authorizeUpgrade
DA:88,4
FN:88,MiniSafeAaveIntegrationUpgradeable.version
FNDA:4,MiniSafeAaveIntegrationUpgradeable.version
DA:89,4
DA:95,163
FN:95,MiniSafeAaveIntegrationUpgradeable._initializeBaseTokens
FNDA:163,MiniSafeAaveIntegrationUpgradeable._initializeBaseTokens
DA:98,163
BRDA:98,3,0,163
DA:104,163
BRDA:104,4,0,2
DA:105,2
DA:106,0
BRDA:106,5,0,-
BRDA:106,5,1,-
DA:117,165
FN:117,MiniSafeAaveIntegrationUpgradeable.initializeBaseTokens
FNDA:165,MiniSafeAaveIntegrationUpgradeable.initializeBaseTokens
DA:118,163
DA:125,6
FN:125,MiniSafeAaveIntegrationUpgradeable.updatePoolDataProvider
FNDA:6,MiniSafeAaveIntegrationUpgradeable.updatePoolDataProvider
DA:126,5
BRDA:126,6,0,2
BRDA:126,6,1,3
DA:127,3
DA:131,3
DA:138,5
FN:138,MiniSafeAaveIntegrationUpgradeable.updateAavePool
FNDA:5,MiniSafeAaveIntegrationUpgradeable.updateAavePool
DA:139,4
BRDA:139,7,0,2
BRDA:139,7,1,2
DA:140,2
DA:142,2
DA:152,3
FN:152,MiniSafeAaveIntegrationUpgradeable.setManagerAuthorization
FNDA:3,MiniSafeAaveIntegrationUpgradeable.setManagerAuthorization
DA:153,2
BRDA:153,8,0,1
BRDA:153,8,1,1
DA:155,1
DA:163,214
FN:163,MiniSafeAaveIntegrationUpgradeable.addSupportedToken
FNDA:214,MiniSafeAaveIntegrationUpgradeable.addSupportedToken
DA:166,212
BRDA:166,9,0,2
BRDA:166,9,1,210
DA:168,210
BRDA:168,10,0,210
DA:173,205
BRDA:173,11,0,2
BRDA:173,11,1,203
DA:175,203
DA:176,203
DA:177,202
BRDA:177,12,0,-
BRDA:177,12,1,202
DA:178,202
DA:179,5
BRDA:179,10,1,5
DA:180,5
DA:181,0
BRDA:181,10,2,-
DA:182,0
DA:192,214
FN:192,MiniSafeAaveIntegrationUpgradeable.depositToAave
FNDA:214,MiniSafeAaveIntegrationUpgradeable.depositToAave
DA:196,213
BRDA:196,13,0,4
BRDA:196,13,1,209
DA:197,209
BRDA:197,14,0,3
BRDA:197,14,1,206
DA:200,206
DA:201,206
BRDA:201,15,0,-
BRDA:201,15,1,206
DA:204,206
DA:207,205
DA:210,205
DA:213,205
BRDA:213,16,0,205
DA:220,3
BRDA:220,16,1,3
DA:221,3
DA:222,1
BRDA:222,16,2,1
DA:223,1
DA:227,201
DA:230,201
DA:232,201
DA:242,43
FN:242,MiniSafeAaveIntegrationUpgradeable.withdrawFromAave
FNDA:43,MiniSafeAaveIntegrationUpgradeable.withdrawFromAave
DA:247,42
BRDA:247,17,0,2
BRDA:247,17,1,40
DA:248,40
BRDA:248,18,0,5
BRDA:248,18,1,35
DA:249,35
BRDA:249,19,0,3
BRDA:249,19,1,32
DA:251,32
DA:252,32
BRDA:252,20,0,-
BRDA:252,20,1,32
DA:256,32
DA:259,32
BRDA:259,21,0,32
DA:260,27
DA:261,3
BRDA:261,21,1,3
DA:262,3
DA:263,2
BRDA:263,21,2,2
DA:264,2
DA:266,27
BRDA:266,22,0,-
BRDA:266,22,1,27
DA:269,27
DA:271,27
DA:279,408
FN:279,MiniSafeAaveIntegrationUpgradeable.getATokenBalance
FNDA:408,MiniSafeAaveIntegrationUpgradeable.getATokenBalance
DA:280,408
BRDA:280,23,0,2
BRDA:280,23,1,406
DA:281,406
DA:282,406
BRDA:282,24,0,-
BRDA:282,24,1,406
DA:283,406
DA:292,62
FN:292,MiniSafeAaveIntegrationUpgradeable.claimRewards
FNDA:62,MiniSafeAaveIntegrationUpgradeable.claimRewards
DA:297,62
BRDA:297,25,0,-
BRDA:297,25,1,62
DA:298,62
BRDA:298,26,0,-
BRDA:298,26,1,62
DA:299,62
DA:307,13
FN:307,MiniSafeAaveIntegrationUpgradeable.emergencyWithdraw
FNDA:13,MiniSafeAaveIntegrationUpgradeable.emergencyWithdraw
DA:308,12
BRDA:308,27,0,2
BRDA:308,27,1,10
DA:311,10
BRDA:311,28,0,4
DA:313,4
DA:314,3
BRDA:314,29,0,3
DA:315,3
DA:317,3
DA:320,6
DA:321,6
BRDA:321,30,0,-
BRDA:321,30,1,6
DA:322,6
DA:323,6
BRDA:323,31,0,3
DA:324,3
BRDA:324,32,0,3
DA:325,0
BRDA:325,33,0,-
BRDA:325,33,1,-
DA:326,2
BRDA:326,32,1,2
DA:327,2
DA:328,1
BRDA:328,32,2,1
DA:329,1
DA:333,3
DA:334,3
BRDA:334,34,0,3
DA:335,3
FNF:16
FNH:16
LF:108
LH:104
BRF:68
BRH:53
end_of_record
TN:
SF:src/MiniSafeAaveUpgradeable.sol
DA:146,324
FN:146,MiniSafeAaveUpgradeable.constructor
FNDA:324,MiniSafeAaveUpgradeable.constructor
DA:147,324
DA:168,327
FN:168,MiniSafeAaveUpgradeable.initialize
FNDA:327,MiniSafeAaveUpgradeable.initialize
DA:173,327
DA:174,327
DA:175,327
DA:176,327
DA:179,327
DA:180,327
DA:183,327
DA:184,327
DA:187,327
DA:188,327
DA:189,327
DA:200,34
FN:200,MiniSafeAaveUpgradeable.setRewardsController
FNDA:34,MiniSafeAaveUpgradeable.setRewardsController
DA:201,34
BRDA:201,0,0,-
BRDA:201,0,1,34
DA:202,34
DA:203,34
DA:211,34
FN:211,MiniSafeAaveUpgradeable.addRewardToken
FNDA:34,MiniSafeAaveUpgradeable.addRewardToken
DA:212,34
BRDA:212,1,0,-
BRDA:212,1,1,34
DA:213,34
BRDA:213,2,0,-
BRDA:213,2,1,34
DA:215,34
DA:216,34
DA:217,0
BRDA:217,3,0,-
DA:219,34
DA:220,34
DA:228,223
FN:228,MiniSafeAaveUpgradeable._updateRewards
FNDA:223,MiniSafeAaveUpgradeable._updateRewards
DA:230,223
DA:231,62
DA:232,62
DA:234,62
DA:237,62
DA:238,62
DA:242,62
DA:249,62
BRDA:249,6,0,47
DA:250,47
DA:251,47
DA:252,47
DA:255,47
DA:256,47
DA:257,47
BRDA:257,7,0,47
DA:258,47
DA:259,47
DA:263,47
BRDA:263,8,0,47
DA:264,47
DA:270,62
BRDA:270,9,0,62
DA:271,62
DA:272,62
BRDA:272,10,0,19
BRDA:272,10,1,43
DA:273,19
DA:274,19
DA:275,19
DA:276,19
DA:278,19
DA:279,19
BRDA:279,11,0,19
DA:280,19
DA:284,19
DA:290,43
DA:291,43
DA:292,43
DA:302,3
FN:302,MiniSafeAaveUpgradeable.claimMyRewards
FNDA:3,MiniSafeAaveUpgradeable.claimMyRewards
DA:303,3
DA:304,3
DA:312,3
DA:313,3
DA:314,3
DA:315,3
DA:316,3
DA:317,3
BRDA:317,12,0,3
DA:318,3
DA:319,3
DA:320,3
DA:330,1
FN:330,MiniSafeAaveUpgradeable._authorizeUpgrade
FNDA:1,MiniSafeAaveUpgradeable._authorizeUpgrade
DA:336,3
FN:336,MiniSafeAaveUpgradeable.version
FNDA:3,MiniSafeAaveUpgradeable.version
DA:337,3
DA:346,223
FN:346,MiniSafeAaveUpgradeable._getMinAmount
FNDA:223,MiniSafeAaveUpgradeable._getMinAmount
DA:347,223
DA:348,223
DA:350,0
BRDA:350,14,0,-
BRDA:350,14,1,-
DA:351,0
DA:353,0
DA:364,220
FN:364,MiniSafeAaveUpgradeable.updateUserBalance
FNDA:220,MiniSafeAaveUpgradeable.updateUserBalance
DA:366,220
DA:369,220
DA:370,220
BRDA:370,15,0,-
BRDA:370,15,1,220
DA:374,220
DA:375,220
BRDA:375,16,0,59
DA:376,59
DA:377,59
DA:378,59
DA:379,59
DA:380,59
DA:390,160
FN:390,MiniSafeAaveUpgradeable.deposit
FNDA:160,MiniSafeAaveUpgradeable.deposit
DA:391,156
BRDA:391,17,0,2
BRDA:391,17,1,154
DA:392,154
DA:393,154
BRDA:393,18,0,2
BRDA:393,18,1,152
DA:396,152
DA:397,152
DA:400,152
DA:404,152
DA:407,152
DA:408,152
BRDA:408,19,0,74
BRDA:408,19,1,78
DA:409,74
DA:412,78
DA:416,152
DA:418,152
DA:426,15
FN:426,MiniSafeAaveUpgradeable.withdraw
FNDA:15,MiniSafeAaveUpgradeable.withdraw
DA:427,14
BRDA:427,20,0,2
BRDA:427,20,1,12
DA:428,12
BRDA:428,21,0,2
BRDA:428,21,1,10
DA:429,10
BRDA:429,22,0,4
BRDA:429,22,1,6
DA:432,6
DA:433,6
DA:434,6
BRDA:434,23,0,-
BRDA:434,23,1,6
DA:438,6
DA:441,6
DA:442,6
BRDA:442,24,0,-
BRDA:442,24,1,6
DA:445,6
DA:449,5
DA:452,5
DA:453,5
BRDA:453,25,0,-
BRDA:453,25,1,5
DA:454,5
DA:461,10
FN:461,MiniSafeAaveUpgradeable._checkCircuitBreaker
FNDA:10,MiniSafeAaveUpgradeable._checkCircuitBreaker
DA:464,10
BRDA:464,26,0,1
DA:465,1
DA:469,9
DA:470,0
BRDA:470,27,0,-
DA:471,0
DA:475,9
DA:482,4
FN:482,MiniSafeAaveUpgradeable._triggerCircuitBreaker
FNDA:4,MiniSafeAaveUpgradeable._triggerCircuitBreaker
DA:483,4
DA:485,4
DA:495,4
FN:495,MiniSafeAaveUpgradeable.triggerCircuitBreaker
FNDA:4,MiniSafeAaveUpgradeable.triggerCircuitBreaker
DA:496,4
DA:502,3
FN:502,MiniSafeAaveUpgradeable.resumeOperations
FNDA:3,MiniSafeAaveUpgradeable.resumeOperations
DA:503,2
DA:509,9
FN:509,MiniSafeAaveUpgradeable.pause
FNDA:9,MiniSafeAaveUpgradeable.pause
DA:510,9
DA:516,5
FN:516,MiniSafeAaveUpgradeable.unpause
FNDA:5,MiniSafeAaveUpgradeable.unpause
DA:517,5
DA:526,6
FN:526,MiniSafeAaveUpgradeable.canWithdraw
FNDA:6,MiniSafeAaveUpgradeable.canWithdraw
DA:527,20
DA:529,20
DA:530,20
BRDA:530,28,0,16
BRDA:530,28,1,4
DA:531,16
DA:532,4
BRDA:532,29,0,-
BRDA:532,29,1,4
DA:533,0
DA:536,4
BRDA:536,30,0,-
BRDA:536,30,1,4
DA:537,0
DA:539,4
DA:544,20
DA:556,20
FN:556,MiniSafeAaveUpgradeable._timestampToDate
FNDA:20,MiniSafeAaveUpgradeable._timestampToDate
DA:557,20
DA:559,20
DA:561,20
DA:563,20
DA:565,20
DA:567,20
DA:569,20
DA:571,20
DA:572,20
DA:573,20
BRDA:573,31,0,19
DA:574,19
DA:582,7
FN:582,MiniSafeAaveUpgradeable.breakTimelock
FNDA:7,MiniSafeAaveUpgradeable.breakTimelock
DA:583,6
BRDA:583,32,0,1
BRDA:583,32,1,5
DA:585,5
DA:586,5
BRDA:586,33,0,1
BRDA:586,33,1,4
DA:588,4
BRDA:588,34,0,-
BRDA:588,34,1,4
DA:591,4
DA:592,4
DA:595,4
DA:598,4
DA:602,4
DA:605,4
DA:608,4
DA:609,4
DA:611,4
DA:612,4
DA:613,4
DA:622,5
FN:622,MiniSafeAaveUpgradeable.executeEmergencyWithdrawal
FNDA:5,MiniSafeAaveUpgradeable.executeEmergencyWithdrawal
DA:623,5
BRDA:623,35,0,1
BRDA:623,35,1,4
DA:626,4
DA:627,4
DA:631,4
DA:634,4
DA:660,7
FN:660,MiniSafeAaveUpgradeable.updateCircuitBreakerThresholds
FNDA:7,MiniSafeAaveUpgradeable.updateCircuitBreakerThresholds
DA:664,7
DA:665,7
DA:666,7
DA:675,1
FN:675,MiniSafeAaveUpgradeable.getBalance
FNDA:1,MiniSafeAaveUpgradeable.getBalance
DA:676,1
BRDA:676,36,0,-
BRDA:676,36,1,1
DA:677,1
DA:684,1
FN:684,MiniSafeAaveUpgradeable.addSupportedToken
FNDA:1,MiniSafeAaveUpgradeable.addSupportedToken
DA:685,1
DA:692,1
FN:692,MiniSafeAaveUpgradeable.getSupportedTokens
FNDA:1,MiniSafeAaveUpgradeable.getSupportedTokens
DA:693,1
DA:702,1
FN:702,MiniSafeAaveUpgradeable.getSupportedTokensWithPagination
FNDA:1,MiniSafeAaveUpgradeable.getSupportedTokensWithPagination
DA:703,1
DA:712,4
FN:712,MiniSafeAaveUpgradeable.getUserBalance
FNDA:4,MiniSafeAaveUpgradeable.getUserBalance
DA:713,4
DA:723,1
FN:723,MiniSafeAaveUpgradeable.getTotalShares
FNDA:1,MiniSafeAaveUpgradeable.getTotalShares
DA:724,1
DA:733,3
FN:733,MiniSafeAaveUpgradeable.getUserDepositTime
FNDA:3,MiniSafeAaveUpgradeable.getUserDepositTime
DA:734,3
DA:742,1
FN:742,MiniSafeAaveUpgradeable.getUserDepositTime_Legacy
FNDA:1,MiniSafeAaveUpgradeable.getUserDepositTime_Legacy
DA:743,1
DA:753,3
FN:753,MiniSafeAaveUpgradeable.isValidToken
FNDA:3,MiniSafeAaveUpgradeable.isValidToken
DA:754,3
DA:760,22
FN:760,MiniSafeAaveUpgradeable.onlyGroupAdmin
FNDA:22,MiniSafeAaveUpgradeable.onlyGroupAdmin
DA:761,22
BRDA:761,37,0,1
BRDA:761,37,1,31
DA:762,21
BRDA:762,38,0,-
BRDA:762,38,1,31
DA:767,8
FN:767,MiniSafeAaveUpgradeable.onlyGroupMember
FNDA:8,MiniSafeAaveUpgradeable.onlyGroupMember
DA:768,8
BRDA:768,39,0,-
BRDA:768,39,1,52
DA:769,7
BRDA:769,40,0,1
BRDA:769,40,1,51
DA:774,0
FN:774,MiniSafeAaveUpgradeable.onlyActiveGroup
FNDA:0,MiniSafeAaveUpgradeable.onlyActiveGroup
DA:775,0
BRDA:775,41,0,-
BRDA:775,41,1,10
DA:776,0
BRDA:776,42,0,-
BRDA:776,42,1,10
DA:787,71
FN:787,MiniSafeAaveUpgradeable.createThriftGroup
FNDA:71,MiniSafeAaveUpgradeable.createThriftGroup
DA:793,71
BRDA:793,43,0,1
BRDA:793,43,1,70
DA:794,70
BRDA:794,44,0,1
BRDA:794,44,1,69
DA:795,69
DA:796,69
BRDA:796,45,0,1
BRDA:796,45,1,68
DA:797,68
BRDA:797,46,0,-
BRDA:797,46,1,68
DA:799,68
DA:800,68
DA:801,68
DA:802,68
DA:803,68
DA:804,68
DA:805,68
DA:806,68
DA:807,68
DA:808,68
DA:809,68
DA:810,68
DA:811,68
DA:812,68
DA:814,68
DA:815,68
DA:818,56
BRDA:818,47,0,56
DA:819,56
DA:822,68
DA:831,68
DA:838,70
FN:838,MiniSafeAaveUpgradeable.joinPublicGroup
FNDA:70,MiniSafeAaveUpgradeable.joinPublicGroup
DA:839,70
BRDA:839,48,0,1
BRDA:839,48,1,69
DA:840,69
DA:842,69
BRDA:842,49,0,1
BRDA:842,49,1,68
DA:843,68
BRDA:843,50,0,2
BRDA:843,50,1,66
DA:844,66
BRDA:844,51,0,2
BRDA:844,51,1,64
DA:846,64
BRDA:846,52,0,-
BRDA:846,52,1,64
DA:849,64
DA:851,64
DA:854,64
BRDA:854,53,0,6
DA:856,6
DA:857,6
DA:858,6
DA:859,6
DA:860,6
DA:863,64
DA:871,22
FN:871,MiniSafeAaveUpgradeable.addMemberToPrivateGroup
FNDA:22,MiniSafeAaveUpgradeable.addMemberToPrivateGroup
DA:876,20
DA:878,20
BRDA:878,54,0,1
BRDA:878,54,1,19
DA:879,19
BRDA:879,55,0,1
BRDA:879,55,1,18
DA:880,18
BRDA:880,56,0,1
BRDA:880,56,1,17
DA:882,17
BRDA:882,57,0,-
BRDA:882,57,1,17
DA:884,17
DA:887,17
BRDA:887,58,0,3
DA:889,3
DA:890,3
DA:891,3
DA:892,3
DA:893,3
DA:896,17
DA:903,9
FN:903,MiniSafeAaveUpgradeable._setupPayoutOrder
FNDA:9,MiniSafeAaveUpgradeable._setupPayoutOrder
DA:904,9
DA:910,9
BRDA:910,59,0,8
BRDA:910,59,1,2
DA:911,8
DA:912,40
DA:916,1
DA:917,2
DA:921,9
DA:930,32
FN:930,MiniSafeAaveUpgradeable.setPayoutOrder
FNDA:32,MiniSafeAaveUpgradeable.setPayoutOrder
DA:934,31
BRDA:934,60,0,-
BRDA:934,60,1,31
DA:935,31
DA:938,31
BRDA:938,61,0,1
BRDA:938,61,1,30
DA:941,30
BRDA:941,62,0,1
BRDA:941,62,1,29
DA:944,29
DA:945,60
DA:946,60
BRDA:946,63,0,1
BRDA:946,63,1,59
DA:947,59
DA:948,37
BRDA:948,64,0,1
BRDA:948,64,1,36
DA:953,27
DA:956,27
DA:957,57
DA:960,27
DA:968,28
FN:968,MiniSafeAaveUpgradeable.activateThriftGroup
FNDA:28,MiniSafeAaveUpgradeable.activateThriftGroup
DA:969,26
BRDA:969,65,0,-
BRDA:969,65,1,26
DA:970,26
DA:972,26
BRDA:972,66,0,1
BRDA:972,66,1,25
DA:975,25
BRDA:975,67,0,1
BRDA:975,67,1,24
DA:979,24
DA:980,24
DA:982,24
DA:984,24
DA:998,33
FN:998,MiniSafeAaveUpgradeable.makeContribution
FNDA:33,MiniSafeAaveUpgradeable.makeContribution
DA:1003,50
DA:1005,50
BRDA:1005,68,0,1
BRDA:1005,68,1,49
DA:1006,49
BRDA:1006,69,0,1
BRDA:1006,69,1,48
DA:1007,48
BRDA:1007,70,0,2
BRDA:1007,70,1,46
DA:1008,46
BRDA:1008,71,0,-
BRDA:1008,71,1,46
DA:1009,46
BRDA:1009,72,0,1
BRDA:1009,72,1,45
DA:1013,45
DA:1016,45
DA:1017,45
DA:1020,45
DA:1023,45
DA:1031,45
DA:1032,45
BRDA:1032,73,0,-
BRDA:1032,73,1,45
DA:1033,0
DA:1035,45
DA:1039,45
DA:1042,45
DA:1045,45
DA:1046,45
DA:1047,45
DA:1050,45
BRDA:1050,74,0,45
DA:1051,45
DA:1054,45
DA:1057,45
DA:1065,19
FN:1065,MiniSafeAaveUpgradeable.makeContribution
FNDA:19,MiniSafeAaveUpgradeable.makeContribution
DA:1066,19
BRDA:1066,75,0,-
BRDA:1066,75,1,19
DA:1067,19
DA:1069,19
DA:1079,12
FN:1079,MiniSafeAaveUpgradeable.distributePayout
FNDA:12,MiniSafeAaveUpgradeable.distributePayout
DA:1085,10
BRDA:1085,76,0,-
BRDA:1085,76,1,10
DA:1086,10
DA:1089,10
BRDA:1089,77,0,-
BRDA:1089,77,1,10
DA:1092,10
DA:1093,29
BRDA:1093,78,0,-
BRDA:1093,78,1,29
DA:1096,10
DA:1108,4
FN:1108,MiniSafeAaveUpgradeable.emergencyWithdraw
FNDA:4,MiniSafeAaveUpgradeable.emergencyWithdraw
DA:1112,4
BRDA:1112,79,0,1
BRDA:1112,79,1,3
DA:1113,3
DA:1115,3
BRDA:1115,80,0,-
BRDA:1115,80,1,3
DA:1120,3
DA:1121,3
BRDA:1121,81,0,1
BRDA:1121,81,1,2
DA:1124,2
DA:1125,2
DA:1126,2
DA:1129,2
DA:1130,2
BRDA:1130,82,0,-
DA:1133,2
DA:1134,2
DA:1135,2
DA:1136,2
DA:1139,2
DA:1140,2
DA:1143,2
DA:1146,2
DA:1148,2
DA:1156,45
FN:1156,MiniSafeAaveUpgradeable._checkAndProcessPayout
FNDA:45,MiniSafeAaveUpgradeable._checkAndProcessPayout
DA:1157,45
DA:1160,45
BRDA:1160,83,0,44
DA:1161,44
DA:1165,1
DA:1166,1
DA:1167,2
BRDA:1167,84,0,-
DA:1168,0
DA:1169,0
DA:1174,1
BRDA:1174,85,0,1
DA:1175,1
DA:1184,11
FN:1184,MiniSafeAaveUpgradeable._processPayout
FNDA:11,MiniSafeAaveUpgradeable._processPayout
DA:1185,11
DA:1188,11
DA:1191,11
DA:1194,11
DA:1195,11
DA:1198,11
DA:1201,11
BRDA:1201,86,0,1
DA:1202,1
DA:1206,11
DA:1209,11
DA:1212,11
DA:1221,11
DA:1222,11
DA:1225,11
DA:1235,11
FN:1235,MiniSafeAaveUpgradeable._calculateGroupValue
FNDA:11,MiniSafeAaveUpgradeable._calculateGroupValue
DA:1240,11
DA:1241,11
DA:1242,11
DA:1245,11
DA:1250,11
DA:1254,11
DA:1263,1
FN:1263,MiniSafeAaveUpgradeable._distributeYield
FNDA:1,MiniSafeAaveUpgradeable._distributeYield
DA:1264,1
DA:1265,1
DA:1266,1
DA:1269,1
DA:1270,2
DA:1271,2
DA:1272,2
DA:1273,2
DA:1277,1
BRDA:1277,87,0,1
DA:1278,1
DA:1279,2
DA:1280,2
DA:1281,2
DA:1283,2
DA:1285,2
BRDA:1285,88,0,2
DA:1286,2
DA:1287,2
DA:1291,2
DA:1302,11
FN:1302,MiniSafeAaveUpgradeable._updateThriftAccounting
FNDA:11,MiniSafeAaveUpgradeable._updateThriftAccounting
DA:1303,11
DA:1304,11
DA:1305,11
DA:1308,11
DA:1309,11
BRDA:1309,89,0,6
DA:1310,11
DA:1313,11
DA:1322,11
FN:1322,MiniSafeAaveUpgradeable._resetCycle
FNDA:11,MiniSafeAaveUpgradeable._resetCycle
DA:1323,11
DA:1326,11
DA:1327,31
DA:1328,31
DA:1330,31
DA:1334,11
DA:1335,11
BRDA:1335,90,0,-
DA:1336,0
DA:1337,0
DA:1341,11
DA:1349,5
FN:1349,MiniSafeAaveUpgradeable.allMembersContributed
FNDA:5,MiniSafeAaveUpgradeable.allMembersContributed
DA:1350,5
BRDA:1350,91,0,1
BRDA:1350,91,1,4
DA:1351,4
DA:1353,4
DA:1354,6
BRDA:1354,92,0,3
DA:1355,3
DA:1358,1
DA:1366,6
FN:1366,MiniSafeAaveUpgradeable.getCurrentRecipient
FNDA:6,MiniSafeAaveUpgradeable.getCurrentRecipient
DA:1367,6
BRDA:1367,93,0,2
BRDA:1367,93,1,4
DA:1368,4
DA:1370,4
BRDA:1370,94,0,2
DA:1371,2
DA:1374,2
DA:1375,2
DA:1384,9
FN:1384,MiniSafeAaveUpgradeable.isGroupMember
FNDA:9,MiniSafeAaveUpgradeable.isGroupMember
DA:1385,214
BRDA:1385,95,0,2
BRDA:1385,95,1,212
DA:1386,212
DA:1388,212
DA:1389,376
BRDA:1389,96,0,128
DA:1390,128
DA:1393,84
DA:1400,8
FN:1400,MiniSafeAaveUpgradeable.leaveGroup
FNDA:8,MiniSafeAaveUpgradeable.leaveGroup
DA:1401,7
DA:1405,7
BRDA:1405,97,0,1
BRDA:1405,97,1,6
DA:1413,6
DA:1414,6
DA:1415,6
DA:1420,5
BRDA:1420,98,0,5
DA:1421,5
DA:1422,5
DA:1423,5
DA:1425,5
BRDA:1425,99,0,5
DA:1427,5
BRDA:1427,100,0,-
BRDA:1427,100,1,1
DA:1429,0
DA:1433,0
DA:1435,0
DA:1438,5
DA:1439,5
DA:1445,6
DA:1448,3
BRDA:1448,101,0,3
DA:1449,3
DA:1450,3
DA:1453,6
DA:1457,6
BRDA:1457,102,0,1
DA:1459,1
DA:1460,1
DA:1461,1
DA:1464,1
DA:1465,1
BRDA:1465,103,0,-
DA:1468,1
DA:1469,1
DA:1472,1
DA:1475,1
DA:1477,1
DA:1487,8
FN:1487,MiniSafeAaveUpgradeable._hasReceivedPayout
FNDA:8,MiniSafeAaveUpgradeable._hasReceivedPayout
DA:1489,8
DA:1491,8
DA:1492,14
BRDA:1492,104,0,4
DA:1493,4
DA:1496,4
DA:1504,6
FN:1504,MiniSafeAaveUpgradeable._removeMemberFromGroup
FNDA:6,MiniSafeAaveUpgradeable._removeMemberFromGroup
DA:1505,6
DA:1508,6
DA:1509,15
BRDA:1509,105,0,6
DA:1511,6
DA:1512,3
DA:1514,6
DA:1515,6
DA:1520,6
DA:1521,8
BRDA:1521,106,0,2
DA:1523,2
DA:1524,2
DA:1526,2
DA:1527,2
DA:1532,6
DA:1533,6
DA:1534,6
DA:1550,20
FN:1550,MiniSafeAaveUpgradeable.getGroupInfo
FNDA:20,MiniSafeAaveUpgradeable.getGroupInfo
DA:1561,20
BRDA:1561,107,0,2
BRDA:1561,107,1,18
DA:1562,18
DA:1564,18
DA:1582,3
FN:1582,MiniSafeAaveUpgradeable.getGroupMembers
FNDA:3,MiniSafeAaveUpgradeable.getGroupMembers
DA:1583,3
BRDA:1583,108,0,1
BRDA:1583,108,1,2
DA:1584,2
DA:1592,3
FN:1592,MiniSafeAaveUpgradeable.getPayoutOrder
FNDA:3,MiniSafeAaveUpgradeable.getPayoutOrder
DA:1593,3
BRDA:1593,109,0,1
BRDA:1593,109,1,2
DA:1594,2
DA:1604,4
FN:1604,MiniSafeAaveUpgradeable.getMemberStatus
FNDA:4,MiniSafeAaveUpgradeable.getMemberStatus
DA:1608,4
BRDA:1608,110,0,2
BRDA:1608,110,1,2
DA:1609,2
DA:1611,2
DA:1622,3
FN:1622,MiniSafeAaveUpgradeable.getGroupPayouts
FNDA:3,MiniSafeAaveUpgradeable.getGroupPayouts
DA:1623,3
BRDA:1623,111,0,2
BRDA:1623,111,1,1
DA:1626,1
DA:1627,1
DA:1628,1
DA:1631,1
BRDA:1631,112,0,1
DA:1632,1
DA:1637,1
DA:1638,1
DA:1639,1
DA:1642,1
BRDA:1642,113,0,1
DA:1643,1
DA:1644,1
DA:1648,1
DA:1656,3
FN:1656,MiniSafeAaveUpgradeable.getUserTotalContributed
FNDA:3,MiniSafeAaveUpgradeable.getUserTotalContributed
DA:1657,3
DA:1658,3
DA:1659,3
DA:1660,2
BRDA:1660,114,0,2
DA:1661,2
DA:1664,3
DA:1672,310
FN:1672,MiniSafeAaveUpgradeable.setAllowedThriftToken
FNDA:310,MiniSafeAaveUpgradeable.setAllowedThriftToken
DA:1673,310
DA:1679,1
FN:1679,MiniSafeAaveUpgradeable.getDisposableBalance
FNDA:1,MiniSafeAaveUpgradeable.getDisposableBalance
DA:1680,121
DA:1681,121
DA:1682,121
DA:1688,0
FN:1688,MiniSafeAaveUpgradeable.convertToShares
FNDA:0,MiniSafeAaveUpgradeable.convertToShares
DA:1689,170
DA:1690,170
DA:1691,170
DA:1692,170
DA:1698,120
FN:1698,MiniSafeAaveUpgradeable._lockCollateral
FNDA:120,MiniSafeAaveUpgradeable._lockCollateral
DA:1699,120
DA:1700,120
DA:1706,50
FN:1706,MiniSafeAaveUpgradeable._unlockCollateral
FNDA:50,MiniSafeAaveUpgradeable._unlockCollateral
DA:1707,50
BRDA:1707,116,0,50
BRDA:1707,116,1,-
DA:1708,50
DA:1710,0
DA:1712,50
BRDA:1712,117,0,50
BRDA:1712,117,1,50
DA:1713,50
DA:1715,0
DA:1722,120
FN:1722,MiniSafeAaveUpgradeable._lockCollateralOnJoin
FNDA:120,MiniSafeAaveUpgradeable._lockCollateralOnJoin
DA:1723,120
DA:1724,120
DA:1725,120
BRDA:1725,118,0,-
BRDA:1725,118,1,120
DA:1726,120
DA:1732,0
FN:1732,MiniSafeAaveUpgradeable.coverDefault
FNDA:0,MiniSafeAaveUpgradeable.coverDefault
DA:1737,0
DA:1738,0
BRDA:1738,119,0,-
BRDA:1738,119,1,-
DA:1739,0
BRDA:1739,120,0,-
BRDA:1739,120,1,-
DA:1741,0
DA:1747,0
FN:1747,MiniSafeAaveUpgradeable._seizeCollateralForContribution
FNDA:0,MiniSafeAaveUpgradeable._seizeCollateralForContribution
DA:1748,0
DA:1749,0
DA:1750,0
DA:1752,0
BRDA:1752,121,0,-
BRDA:1752,121,1,-
DA:1755,0
DA:1756,0
DA:1757,0
DA:1760,0
DA:1763,0
DA:1764,0
DA:1765,0
DA:1766,0
DA:1768,0
DA:1769,0
DA:1771,0
DA:1779,45
FN:1779,MiniSafeAaveUpgradeable._unlockContributionCollateral
FNDA:45,MiniSafeAaveUpgradeable._unlockContributionCollateral
DA:1780,45
DA:1781,45
DA:1783,45
BRDA:1783,122,0,45
DA:1784,45
FNF:72
FNH:68
LF:593
LH:550
BRF:199
BRH:155
end_of_record
TN:
SF:src/MiniSafeFactoryUpgradeable.sol
DA:69,320
FN:69,MiniSafeFactoryUpgradeable.constructor
FNDA:320,MiniSafeFactoryUpgradeable.constructor
DA:75,320
DA:76,320
DA:77,320
DA:79,320
DA:89,4
FN:89,MiniSafeFactoryUpgradeable.version
FNDA:4,MiniSafeFactoryUpgradeable.version
DA:90,4
DA:102,68
FN:102,MiniSafeFactoryUpgradeable._validateConfig
FNDA:68,MiniSafeFactoryUpgradeable._validateConfig
DA:103,68
BRDA:103,0,0,2
DA:104,66
BRDA:104,1,0,7
DA:106,59
DA:107,77
BRDA:107,2,0,1
DA:110,58
BRDA:110,3,0,-
DA:111,58
BRDA:111,4,0,56
DA:112,56
DA:113,74
BRDA:113,5,0,1
DA:123,57
FN:123,MiniSafeFactoryUpgradeable._setupExecutors
FNDA:57,MiniSafeFactoryUpgradeable._setupExecutors
DA:124,2
BRDA:124,6,0,2
BRDA:124,6,1,2
DA:126,2
DA:127,2
DA:128,2
DA:130,2
DA:132,55
DA:142,57
FN:142,MiniSafeFactoryUpgradeable._deployTimelock
FNDA:57,MiniSafeFactoryUpgradeable._deployTimelock
DA:143,57
DA:149,57
DA:157,57
FN:157,MiniSafeFactoryUpgradeable._deployTokenStorage
FNDA:57,MiniSafeFactoryUpgradeable._deployTokenStorage
DA:158,57
DA:162,57
DA:166,57
DA:176,57
FN:176,MiniSafeFactoryUpgradeable._deployAaveIntegration
FNDA:57,MiniSafeFactoryUpgradeable._deployAaveIntegration
DA:178,57
BRDA:178,7,0,6
BRDA:178,7,1,51
DA:180,51
DA:186,51
DA:190,51
DA:200,51
FN:200,MiniSafeFactoryUpgradeable._deployMiniSafe
FNDA:51,MiniSafeFactoryUpgradeable._deployMiniSafe
DA:201,51
DA:207,51
DA:211,51
DA:219,58
FN:219,MiniSafeFactoryUpgradeable.deployUpgradeableMiniSafe
FNDA:58,MiniSafeFactoryUpgradeable.deployUpgradeableMiniSafe
DA:223,68
DA:226,57
DA:230,57
DA:233,57
DA:246,57
DA:247,57
DA:250,51
DA:253,51
DA:256,51
DA:258,51
DA:260,51
DA:263,51
DA:264,51
DA:269,51
DA:279,9
FN:279,MiniSafeFactoryUpgradeable.deployWithRecommendedMultiSig
FNDA:9,MiniSafeFactoryUpgradeable.deployWithRecommendedMultiSig
DA:285,9
DA:286,31
BRDA:286,8,0,4
DA:287,27
DA:288,62
BRDA:288,9,0,1
BRDA:288,9,1,61
DA:296,4
DA:297,4
DA:299,4
DA:300,20
DA:301,20
DA:304,4
DA:312,4
DA:322,1
FN:322,MiniSafeFactoryUpgradeable.deployWithMultiSig
FNDA:1,MiniSafeFactoryUpgradeable.deployWithMultiSig
DA:328,1
DA:335,1
DA:345,7
FN:345,MiniSafeFactoryUpgradeable.deployForSingleOwner
FNDA:7,MiniSafeFactoryUpgradeable.deployForSingleOwner
DA:350,7
BRDA:350,10,0,2
DA:353,5
DA:354,5
DA:355,5
DA:356,5
DA:358,5
DA:366,5
DA:376,0
FN:376,MiniSafeFactoryUpgradeable.deployForSingleOwner
FNDA:0,MiniSafeFactoryUpgradeable.deployForSingleOwner
DA:382,0
DA:383,0
DA:384,0
DA:385,0
DA:387,0
DA:395,0
DA:404,11
FN:404,MiniSafeFactoryUpgradeable.upgradeImplementations
FNDA:11,MiniSafeFactoryUpgradeable.upgradeImplementations
DA:409,10
BRDA:409,11,0,4
DA:410,4
DA:412,10
BRDA:412,12,0,4
DA:413,4
DA:415,10
BRDA:415,13,0,3
DA:416,3
DA:419,10
DA:435,10
FN:435,MiniSafeFactoryUpgradeable.getImplementations
FNDA:10,MiniSafeFactoryUpgradeable.getImplementations
DA:440,10
DA:454,4
FN:454,MiniSafeFactoryUpgradeable.getMultiSigInfo
FNDA:4,MiniSafeFactoryUpgradeable.getMultiSigInfo
DA:459,4
DA:465,4
DA:469,4
DA:477,3
FN:477,MiniSafeFactoryUpgradeable.isMiniSafeContract
FNDA:3,MiniSafeFactoryUpgradeable.isMiniSafeContract
DA:478,3
FNF:17
FNH:16
LF:100
LH:93
BRF:17
BRH:16
end_of_record
TN:
SF:src/MiniSafeTokenStorageUpgradeable.sol
DA:48,348
FN:48,MiniSafeTokenStorageUpgradeable.constructor
FNDA:348,MiniSafeTokenStorageUpgradeable.constructor
DA:49,348
DA:56,354
FN:56,MiniSafeTokenStorageUpgradeable.initialize
FNDA:354,MiniSafeTokenStorageUpgradeable.initialize
DA:57,354
DA:58,354
DA:59,354
DA:62,354
DA:65,354
DA:72,354
DA:73,354
DA:78,354
DA:81,354
DA:82,354
DA:87,354
DA:93,2
FN:93,MiniSafeTokenStorageUpgradeable._authorizeUpgrade
FNDA:2,MiniSafeTokenStorageUpgradeable._authorizeUpgrade
DA:98,4
FN:98,MiniSafeTokenStorageUpgradeable.version
FNDA:4,MiniSafeTokenStorageUpgradeable.version
DA:99,4
DA:105,304
FN:105,MiniSafeTokenStorageUpgradeable.onlyValidToken
FNDA:304,MiniSafeTokenStorageUpgradeable.onlyValidToken
DA:106,304
BRDA:106,0,0,2
BRDA:106,0,1,239
DA:116,355
FN:116,MiniSafeTokenStorageUpgradeable.onlyAuthorizedManager
FNDA:355,MiniSafeTokenStorageUpgradeable.onlyAuthorizedManager
DA:117,355
BRDA:117,1,0,3
BRDA:117,1,1,241
DA:127,1179
FN:127,MiniSafeTokenStorageUpgradeable.isValidToken
FNDA:1179,MiniSafeTokenStorageUpgradeable.isValidToken
DA:128,2206
DA:136,758
FN:136,MiniSafeTokenStorageUpgradeable.setManagerAuthorization
FNDA:758,MiniSafeTokenStorageUpgradeable.setManagerAuthorization
DA:137,757
BRDA:137,2,0,3
BRDA:137,2,1,754
DA:138,754
DA:139,754
DA:150,355
FN:150,MiniSafeTokenStorageUpgradeable.addSupportedToken
FNDA:355,MiniSafeTokenStorageUpgradeable.addSupportedToken
DA:151,354
BRDA:151,3,0,4
BRDA:151,3,1,350
DA:152,350
BRDA:152,4,0,4
BRDA:152,4,1,346
DA:153,346
BRDA:153,5,0,6
BRDA:153,5,1,340
DA:155,340
DA:161,340
DA:162,340
DA:163,340
DA:171,11
FN:171,MiniSafeTokenStorageUpgradeable.removeSupportedToken
FNDA:11,MiniSafeTokenStorageUpgradeable.removeSupportedToken
DA:172,10
BRDA:172,6,0,-
BRDA:172,6,1,10
DA:173,10
BRDA:173,7,0,4
BRDA:173,7,1,6
DA:174,6
BRDA:174,8,0,3
BRDA:174,8,1,3
DA:176,3
DA:179,3
DA:180,11
BRDA:180,9,0,3
DA:181,3
DA:182,3
DA:183,3
DA:187,3
DA:188,3
DA:197,7
FN:197,MiniSafeTokenStorageUpgradeable.getSupportedTokens
FNDA:7,MiniSafeTokenStorageUpgradeable.getSupportedTokens
DA:198,7
DA:200,7
DA:201,7
DA:204,7
BRDA:204,10,0,3
DA:205,3
DA:206,3
DA:208,7
DA:211,7
DA:212,17
BRDA:212,11,0,10
DA:213,10
DA:214,10
DA:216,17
DA:219,7
DA:226,4
FN:226,MiniSafeTokenStorageUpgradeable.getSupportedTokens
FNDA:4,MiniSafeTokenStorageUpgradeable.getSupportedTokens
DA:227,4
DA:238,244
FN:238,MiniSafeTokenStorageUpgradeable.updateUserTokenShare
FNDA:244,MiniSafeTokenStorageUpgradeable.updateUserTokenShare
DA:244,238
BRDA:244,12,0,2
BRDA:244,12,1,236
DA:246,236
DA:248,207
BRDA:248,13,0,207
BRDA:248,13,1,26
DA:250,207
BRDA:250,14,0,175
DA:251,175
DA:253,207
DA:254,207
DA:256,29
BRDA:256,15,0,3
BRDA:256,15,1,26
DA:257,26
DA:258,26
DA:261,233
DA:262,233
DA:271,304
FN:271,MiniSafeTokenStorageUpgradeable.getUserTokenShare
FNDA:304,MiniSafeTokenStorageUpgradeable.getUserTokenShare
DA:272,304
DA:281,8
FN:281,MiniSafeTokenStorageUpgradeable.getUserDepositTime
FNDA:8,MiniSafeTokenStorageUpgradeable.getUserDepositTime
DA:282,8
BRDA:282,16,0,1
DA:283,1
DA:285,7
DA:293,2
FN:293,MiniSafeTokenStorageUpgradeable.getUserDepositTime
FNDA:2,MiniSafeTokenStorageUpgradeable.getUserDepositTime
DA:295,2
DA:296,2
DA:297,6
DA:298,6
BRDA:298,17,0,-
DA:299,0
DA:303,2
DA:304,2
BRDA:304,18,0,-
DA:305,0
DA:307,2
DA:317,714
FN:317,MiniSafeTokenStorageUpgradeable.getTokenATokenAddress
FNDA:714,MiniSafeTokenStorageUpgradeable.getTokenATokenAddress
DA:318,714
BRDA:318,19,0,-
BRDA:318,19,1,714
DA:319,714
DA:327,474
FN:327,MiniSafeTokenStorageUpgradeable.getTotalShares
FNDA:474,MiniSafeTokenStorageUpgradeable.getTotalShares
DA:328,474
BRDA:328,20,0,1
DA:329,1
DA:331,473
DA:342,4
FN:342,MiniSafeTokenStorageUpgradeable.pause
FNDA:4,MiniSafeTokenStorageUpgradeable.pause
DA:343,4
DA:349,3
FN:349,MiniSafeTokenStorageUpgradeable.unpause
FNDA:3,MiniSafeTokenStorageUpgradeable.unpause
DA:350,3
FNF:20
FNH:20
LF:103
LH:101
BRF:34
BRH:30
end_of_record
TN:
SF:src/legacyMinisafe/MiniSafeAave.sol
DA:59,17
FN:59,MiniSafeAave102.constructor
FNDA:17,MiniSafeAave102.constructor
DA:61,17
DA:64,17
DA:67,17
DA:70,17
DA:71,17
DA:74,17
DA:77,17
DA:80,17
DA:87,25
FN:87,MiniSafeAave102.deposit
FNDA:25,MiniSafeAave102.deposit
DA:91,24
BRDA:91,0,0,-
BRDA:91,0,1,24
DA:92,24
BRDA:92,1,0,-
BRDA:92,1,1,24
DA:95,24
DA:102,24
DA:109,24
DA:116,24
DA:118,24
DA:128,28
FN:128,MiniSafeAave102.updateUserBalance
FNDA:28,MiniSafeAave102.updateUserBalance
DA:135,28
DA:141,28
BRDA:141,2,0,-
BRDA:141,2,1,28
DA:148,4
FN:148,MiniSafeAave102.withdraw
FNDA:4,MiniSafeAave102.withdraw
DA:152,4
BRDA:152,3,0,-
BRDA:152,3,1,4
DA:153,4
BRDA:153,4,0,1
BRDA:153,4,1,3
DA:156,3
DA:160,3
BRDA:160,5,0,-
BRDA:160,5,1,3
DA:163,3
DA:166,3
DA:172,3
BRDA:172,6,0,-
BRDA:172,6,1,3
DA:175,3
DA:177,3
DA:184,4
FN:184,MiniSafeAave102._checkCircuitBreaker
FNDA:4,MiniSafeAave102._checkCircuitBreaker
DA:186,4
BRDA:186,7,0,-
DA:187,0
DA:188,0
DA:193,4
DA:194,0
DA:196,0
BRDA:196,8,0,-
DA:197,0
DA:198,0
DA:202,4
DA:209,2
FN:209,MiniSafeAave102._triggerCircuitBreaker
FNDA:2,MiniSafeAave102._triggerCircuitBreaker
DA:210,2
DA:211,2
DA:218,3
FN:218,MiniSafeAave102.triggerCircuitBreaker
FNDA:3,MiniSafeAave102.triggerCircuitBreaker
DA:219,2
DA:225,1
FN:225,MiniSafeAave102.resumeOperations
FNDA:1,MiniSafeAave102.resumeOperations
DA:226,0
DA:233,0
FN:233,MiniSafeAave102.canWithdraw
FNDA:0,MiniSafeAave102.canWithdraw
DA:235,5
DA:238,5
DA:241,5
DA:251,5
FN:251,MiniSafeAave102._timestampToDate
FNDA:5,MiniSafeAave102._timestampToDate
DA:255,5
DA:258,5
DA:262,5
DA:265,5
DA:269,5
DA:272,5
DA:273,5
DA:274,5
DA:275,5
DA:278,5
DA:279,5
DA:280,5
DA:281,5
DA:283,5
DA:284,5
DA:286,5
DA:294,1
FN:294,MiniSafeAave102.breakTimelock
FNDA:1,MiniSafeAave102.breakTimelock
DA:297,1
BRDA:297,9,0,-
BRDA:297,9,1,1
DA:300,1
DA:304,1
BRDA:304,10,0,-
BRDA:304,10,1,1
DA:307,1
BRDA:307,11,0,-
BRDA:307,11,1,1
DA:313,1
DA:314,1
DA:317,1
BRDA:317,12,0,-
BRDA:317,12,1,1
DA:320,1
DA:324,1
DA:332,1
BRDA:332,13,0,1
DA:333,1
DA:342,1
DA:344,1
DA:351,0
FN:351,MiniSafeAave102.updateEarlyWithdrawalFee
FNDA:0,MiniSafeAave102.updateEarlyWithdrawalFee
DA:354,0
BRDA:354,14,0,-
BRDA:354,14,1,-
DA:358,0
DA:359,0
DA:367,0
FN:367,MiniSafeAave102.withdrawPenaltyFees
FNDA:0,MiniSafeAave102.withdrawPenaltyFees
DA:371,0
BRDA:371,15,0,-
BRDA:371,15,1,-
DA:372,0
BRDA:372,16,0,-
BRDA:372,16,1,-
DA:375,0
DA:376,0
DA:378,0
BRDA:378,17,0,-
BRDA:378,17,1,-
DA:381,0
DA:383,0
DA:385,0
DA:391,0
FN:391,MiniSafeAave102.initiateEmergencyWithdrawal
FNDA:0,MiniSafeAave102.initiateEmergencyWithdrawal
DA:392,0
DA:393,0
DA:402,0
FN:402,MiniSafeAave102.cancelEmergencyWithdrawal
FNDA:0,MiniSafeAave102.cancelEmergencyWithdrawal
DA:403,0
BRDA:403,18,0,-
BRDA:403,18,1,-
DA:407,0
DA:408,0
DA:415,0
FN:415,MiniSafeAave102.executeEmergencyWithdrawal
FNDA:0,MiniSafeAave102.executeEmergencyWithdrawal
DA:418,0
BRDA:418,19,0,-
BRDA:418,19,1,-
DA:422,0
BRDA:422,20,0,-
BRDA:422,20,1,-
DA:426,0
BRDA:426,21,0,-
BRDA:426,21,1,-
DA:427,0
DA:431,0
BRDA:431,22,0,-
BRDA:431,22,1,-
DA:434,0
DA:442,0
DA:444,0
DA:450,0
DA:459,0
FN:459,MiniSafeAave102.updateCircuitBreakerThresholds
FNDA:0,MiniSafeAave102.updateCircuitBreakerThresholds
DA:463,0
DA:464,0
DA:473,0
FN:473,MiniSafeAave102.getBalance
FNDA:0,MiniSafeAave102.getBalance
DA:477,0
BRDA:477,23,0,-
BRDA:477,23,1,-
DA:478,0
DA:485,28
FN:485,MiniSafeAave102.addSupportedToken
FNDA:28,MiniSafeAave102.addSupportedToken
DA:488,28
DA:496,1
FN:496,MiniSafeAave102.getSupportedTokens
FNDA:1,MiniSafeAave102.getSupportedTokens
DA:500,1
DA:507,0
FN:507,MiniSafeAave102.transferAllOwnership
FNDA:0,MiniSafeAave102.transferAllOwnership
DA:508,0
BRDA:508,24,0,-
BRDA:508,24,1,-
DA:511,0
DA:514,0
BRDA:514,25,0,-
DA:515,0
DA:519,0
BRDA:519,26,0,-
DA:520,0
DA:528,0
FN:528,MiniSafeAave102._transferOwnership
FNDA:0,MiniSafeAave102._transferOwnership
DA:529,0
BRDA:529,27,0,-
BRDA:529,27,1,-
DA:530,0
DA:531,0
DA:532,0
DA:538,1
FN:538,MiniSafeAave102.owner
FNDA:1,MiniSafeAave102.owner
DA:539,1
DA:545,0
FN:545,MiniSafeAave102.onlyOwner
FNDA:0,MiniSafeAave102.onlyOwner
DA:546,0
BRDA:546,28,0,-
BRDA:546,28,1,-
DA:556,3
FN:556,MiniSafeAave102.borrowFromAave
FNDA:3,MiniSafeAave102.borrowFromAave
DA:561,3
BRDA:561,29,0,-
BRDA:561,29,1,3
DA:564,3
DA:565,3
DA:580,0
FN:580,MiniSafeAave102.repayToAave
FNDA:0,MiniSafeAave102.repayToAave
DA:585,0
BRDA:585,30,0,-
BRDA:585,30,1,-
DA:588,0
BRDA:588,31,0,-
DA:589,0
BRDA:589,32,0,-
BRDA:589,32,1,-
DA:593,0
DA:594,0
DA:606,2
FN:606,MiniSafeAave102.setUseTokenAsCollateral
FNDA:2,MiniSafeAave102.setUseTokenAsCollateral
DA:610,2
BRDA:610,33,0,-
BRDA:610,33,1,2
DA:613,2
DA:626,4
FN:626,MiniSafeAave102.getUserDebt
FNDA:4,MiniSafeAave102.getUserDebt
DA:633,4
BRDA:633,34,0,-
BRDA:633,34,1,4
DA:635,4
DA:642,5
FN:642,MiniSafeAave102.getUserHealthFactor
FNDA:5,MiniSafeAave102.getUserHealthFactor
DA:643,5
DA:655,6
FN:655,MiniSafeAave102.getUserAccountData
FNDA:6,MiniSafeAave102.getUserAccountData
DA:667,6
DA:675,8
FN:675,MiniSafeAave102.getUserCollateral
FNDA:8,MiniSafeAave102.getUserCollateral
DA:678,8
BRDA:678,35,0,-
BRDA:678,35,1,8
DA:679,8
FNF:31
FNH:19
LF:161
LH:97
BRF:66
BRH:17
end_of_record
TN:
SF:src/legacyMinisafe/MiniSafeAaveIntegration.sol
DA:65,22
FN:65,MiniSafeAaveIntegration102.constructor
FNDA:22,MiniSafeAaveIntegration102.constructor
DA:66,22
BRDA:66,0,0,-
BRDA:66,0,1,22
DA:67,22
BRDA:67,1,0,-
BRDA:67,1,1,22
DA:69,22
DA:71,22
DA:74,22
DA:75,22
DA:84,27
FN:84,MiniSafeAaveIntegration102.isolatedUserOperation
FNDA:27,MiniSafeAaveIntegration102.isolatedUserOperation
DA:85,27
BRDA:85,2,0,-
BRDA:85,2,1,2
DA:86,27
DA:88,27
DA:97,5
FN:97,MiniSafeAaveIntegration102.sufficientUserCollateral
FNDA:5,MiniSafeAaveIntegration102.sufficientUserCollateral
DA:98,5
DA:99,5
BRDA:99,3,0,-
BRDA:99,3,1,5
DA:112,3
FN:112,MiniSafeAaveIntegration102.borrowFromAave
FNDA:3,MiniSafeAaveIntegration102.borrowFromAave
DA:119,3
BRDA:119,4,0,-
BRDA:119,4,1,3
DA:120,3
BRDA:120,5,0,-
BRDA:120,5,1,3
DA:121,3
BRDA:121,6,0,-
BRDA:121,6,1,3
DA:122,3
BRDA:122,7,0,-
BRDA:122,7,1,3
DA:126,3
DA:127,3
BRDA:127,8,0,-
BRDA:127,8,1,3
DA:130,3
DA:133,3
DA:142,3
DA:143,3
DA:144,3
BRDA:144,9,0,-
BRDA:144,9,1,3
DA:147,3
DA:154,3
BRDA:154,10,0,-
BRDA:154,10,1,3
DA:157,3
DA:158,3
DA:161,3
DA:164,3
DA:166,3
DA:177,0
FN:177,MiniSafeAaveIntegration102.repayToAave
FNDA:0,MiniSafeAaveIntegration102.repayToAave
DA:183,0
BRDA:183,11,0,-
BRDA:183,11,1,-
DA:184,0
BRDA:184,12,0,-
BRDA:184,12,1,-
DA:185,0
BRDA:185,13,0,-
BRDA:185,13,1,-
DA:188,0
DA:189,0
DA:190,0
BRDA:190,14,0,-
BRDA:190,14,1,-
DA:193,0
DA:196,0
DA:199,0
DA:202,0
DA:205,0
DA:212,0
BRDA:212,15,0,-
BRDA:212,15,1,-
DA:215,0
DA:222,0
BRDA:222,16,0,-
BRDA:222,16,1,-
DA:225,0
DA:226,0
DA:227,0
DA:229,0
DA:231,0
DA:240,2
FN:240,MiniSafeAaveIntegration102.setUserUseReserveAsCollateral
FNDA:2,MiniSafeAaveIntegration102.setUserUseReserveAsCollateral
DA:245,2
BRDA:245,17,0,-
BRDA:245,17,1,2
DA:248,2
DA:249,2
BRDA:249,18,0,-
BRDA:249,18,1,2
DA:252,2
DA:253,2
BRDA:253,19,0,-
BRDA:253,19,1,2
DA:256,2
DA:261,2
BRDA:261,20,0,-
BRDA:261,20,1,2
DA:268,2
BRDA:268,21,0,2
DA:269,2
DA:270,2
BRDA:270,22,0,-
BRDA:270,22,1,2
DA:271,2
DA:272,2
DA:275,2
DA:286,9
FN:286,MiniSafeAaveIntegration102.getUserDebt
FNDA:9,MiniSafeAaveIntegration102.getUserDebt
DA:290,9
BRDA:290,23,0,-
BRDA:290,23,1,9
DA:293,9
DA:294,9
DA:296,0
DA:306,102
FN:306,MiniSafeAaveIntegration102.getUserDebtInternal
FNDA:102,MiniSafeAaveIntegration102.getUserDebtInternal
DA:311,102
DA:312,102
DA:314,0
DA:322,11
FN:322,MiniSafeAaveIntegration102.getUserHealthFactor
FNDA:11,MiniSafeAaveIntegration102.getUserHealthFactor
DA:323,11
BRDA:323,24,0,-
BRDA:323,24,1,11
DA:326,11
BRDA:326,25,0,11
DA:327,11
DA:331,0
DA:341,32
FN:341,MiniSafeAaveIntegration102.calculateUserHealthFactor
FNDA:32,MiniSafeAaveIntegration102.calculateUserHealthFactor
DA:349,32
DA:356,32
DA:359,32
DA:362,32
DA:368,32
DA:378,32
BRDA:378,26,0,29
DA:380,29
DA:385,3
DA:387,3
DA:393,32
FN:393,MiniSafeAaveIntegration102._computeUserCollateralBase
FNDA:32,MiniSafeAaveIntegration102._computeUserCollateralBase
DA:398,32
DA:400,32
DA:401,3200
DA:402,3200
BRDA:402,27,0,3121
DA:403,3121
DA:407,79
DA:408,79
BRDA:408,28,0,49
DA:409,49
DA:413,30
DA:414,30
BRDA:414,29,0,-
DA:415,0
DA:419,30
DA:420,30
BRDA:420,30,0,-
DA:421,0
DA:425,30
DA:428,30
DA:431,30
DA:434,32
DA:440,32
FN:440,MiniSafeAaveIntegration102._computeUserDebtBase
FNDA:32,MiniSafeAaveIntegration102._computeUserDebtBase
DA:448,32
DA:450,32
DA:451,3200
DA:452,3200
BRDA:452,31,0,3121
DA:453,3121
DA:457,79
DA:458,79
DA:461,79
BRDA:461,32,0,3
DA:462,3
DA:465,79
BRDA:465,33,0,76
DA:466,76
DA:471,3
DA:472,3
DA:475,3
DA:478,32
DA:485,38
FN:485,MiniSafeAaveIntegration102.getAllSupportedTokens
FNDA:38,MiniSafeAaveIntegration102.getAllSupportedTokens
DA:488,38
DA:489,38
DA:502,6
FN:502,MiniSafeAaveIntegration102.getUserAccountData
FNDA:6,MiniSafeAaveIntegration102.getUserAccountData
DA:510,6
BRDA:510,34,0,-
BRDA:510,34,1,6
DA:512,6
DA:519,6
DA:522,6
DA:525,6
DA:528,6
DA:535,6
BRDA:535,35,0,4
DA:536,4
DA:537,4
BRDA:537,36,0,2
DA:538,2
DA:542,6
DA:556,6
FN:556,MiniSafeAaveIntegration102._computeUserCollateralAndDebt
FNDA:6,MiniSafeAaveIntegration102._computeUserCollateralAndDebt
DA:561,6
DA:562,6
DA:564,6
DA:565,600
DA:566,600
BRDA:566,37,0,586
DA:567,586
DA:571,14
DA:574,14
DA:577,14
DA:579,14
BRDA:579,38,0,4
DA:581,4
DA:582,4
DA:583,4
DA:587,14
DA:588,14
DA:590,14
BRDA:590,39,0,-
DA:593,0
DA:597,6
DA:607,27
FN:607,MiniSafeAaveIntegration102.depositToAave
FNDA:27,MiniSafeAaveIntegration102.depositToAave
DA:612,27
BRDA:612,40,0,-
BRDA:612,40,1,27
DA:613,27
BRDA:613,41,0,-
BRDA:613,41,1,27
DA:615,27
DA:616,27
DA:617,27
DA:618,27
BRDA:618,42,0,-
BRDA:618,42,1,27
DA:621,27
DA:628,27
DA:631,27
DA:634,27
DA:642,27
DA:645,27
DA:646,27
BRDA:646,43,0,-
BRDA:646,43,1,27
DA:649,27
DA:652,27
DA:655,27
DA:656,27
BRDA:656,44,0,-
BRDA:656,44,1,27
DA:659,27
DA:660,27
DA:661,27
DA:663,27
DA:665,27
DA:676,5
FN:676,MiniSafeAaveIntegration102.withdrawFromAave
FNDA:5,MiniSafeAaveIntegration102.withdrawFromAave
DA:682,5
BRDA:682,45,0,-
BRDA:682,45,1,5
DA:683,5
BRDA:683,46,0,-
BRDA:683,46,1,5
DA:684,5
BRDA:684,47,0,-
BRDA:684,47,1,5
DA:687,5
DA:690,5
DA:695,5
BRDA:695,48,0,-
BRDA:695,48,1,5
DA:698,5
DA:699,5
BRDA:699,49,0,-
BRDA:699,49,1,5
DA:703,5
DA:704,5
DA:708,5
DA:711,5
DA:714,5
DA:716,5
DA:725,12
FN:725,MiniSafeAaveIntegration102.getATokenBalance
FNDA:12,MiniSafeAaveIntegration102.getATokenBalance
DA:729,12
DA:737,5
FN:737,MiniSafeAaveIntegration102.getTotalATokenBalance
FNDA:5,MiniSafeAaveIntegration102.getTotalATokenBalance
DA:740,5
DA:741,5
BRDA:741,50,0,-
BRDA:741,50,1,5
DA:742,5
DA:748,12
FN:748,MiniSafeAaveIntegration102.onlyValidToken
FNDA:12,MiniSafeAaveIntegration102.onlyValidToken
DA:749,12
BRDA:749,51,0,-
BRDA:749,51,1,5
DA:757,0
FN:757,MiniSafeAaveIntegration102.updatePoolDataProvider
FNDA:0,MiniSafeAaveIntegration102.updatePoolDataProvider
DA:758,0
BRDA:758,52,0,-
BRDA:758,52,1,-
DA:761,0
DA:764,0
DA:767,0
DA:774,1
FN:774,MiniSafeAaveIntegration102.updateAavePool
FNDA:1,MiniSafeAaveIntegration102.updateAavePool
DA:775,1
BRDA:775,53,0,-
BRDA:775,53,1,1
DA:778,1
DA:780,1
DA:788,31
FN:788,MiniSafeAaveIntegration102.addSupportedToken
FNDA:31,MiniSafeAaveIntegration102.addSupportedToken
DA:791,31
BRDA:791,54,0,-
BRDA:791,54,1,31
DA:794,31
BRDA:794,55,0,31
DA:799,31
BRDA:799,56,0,-
BRDA:799,56,1,31
DA:802,31
DA:803,31
BRDA:803,57,0,-
BRDA:803,57,1,31
DA:804,31
DA:805,0
BRDA:805,55,1,-
DA:806,0
DA:813,22
FN:813,MiniSafeAaveIntegration102.initializeBaseTokens
FNDA:22,MiniSafeAaveIntegration102.initializeBaseTokens
DA:816,22
BRDA:815,58,0,22
DA:820,22
BRDA:820,59,0,22
DA:821,22
DA:825,22
BRDA:825,60,0,-
BRDA:825,60,1,22
DA:837,5
FN:837,MiniSafeAaveIntegration102._updateUserHealthFactorIfNeeded
FNDA:5,MiniSafeAaveIntegration102._updateUserHealthFactorIfNeeded
DA:838,5
DA:839,5
BRDA:839,61,0,-
DA:840,0
DA:841,0
BRDA:841,62,0,-
BRDA:841,62,1,-
DA:844,0
DA:845,0
FNF:25
FNH:23
LF:236
LH:199
BRF:108
BRH:51
end_of_record
TN:
SF:src/legacyMinisafe/MiniSafeTokenStorage.sol
DA:50,204
FN:50,MiniSafeTokenStorage102.onlyValidToken
FNDA:204,MiniSafeTokenStorage102.onlyValidToken
DA:51,204
BRDA:51,0,0,-
BRDA:51,0,1,34
DA:61,4
FN:61,MiniSafeTokenStorage102.onlyAuthorizedManager
FNDA:4,MiniSafeTokenStorage102.onlyAuthorizedManager
DA:62,4
BRDA:62,1,0,1
BRDA:62,1,1,34
DA:72,114
FN:72,MiniSafeTokenStorage102.isValidToken
FNDA:114,MiniSafeTokenStorage102.isValidToken
DA:73,486
DA:82,67
FN:82,MiniSafeTokenStorage102.addSupportedToken
FNDA:67,MiniSafeTokenStorage102.addSupportedToken
DA:83,67
BRDA:83,2,0,1
BRDA:83,2,1,66
DA:84,66
BRDA:84,3,0,1
BRDA:84,3,1,65
DA:85,65
BRDA:85,4,0,1
BRDA:85,4,1,64
DA:88,64
DA:89,64
DA:90,64
DA:92,64
DA:94,64
DA:102,4
FN:102,MiniSafeTokenStorage102.removeSupportedToken
FNDA:4,MiniSafeTokenStorage102.removeSupportedToken
DA:103,4
BRDA:103,5,0,1
BRDA:103,5,1,3
DA:104,3
BRDA:104,6,0,1
BRDA:104,6,1,2
DA:105,2
BRDA:105,7,0,1
BRDA:105,7,1,1
DA:107,1
DA:108,1
DA:111,1
DA:112,1
BRDA:112,8,0,1
DA:113,1
DA:114,1
DA:115,1
DA:119,1
DA:121,1
DA:130,40
FN:130,MiniSafeTokenStorage102.getSupportedTokens
FNDA:40,MiniSafeTokenStorage102.getSupportedTokens
DA:131,40
DA:133,40
DA:136,40
BRDA:136,9,0,40
DA:137,40
DA:138,40
DA:142,40
DA:144,99
DA:151,60
DA:152,60
DA:159,40
DA:169,35
FN:169,MiniSafeTokenStorage102.updateUserTokenShare
FNDA:35,MiniSafeTokenStorage102.updateUserTokenShare
DA:180,34
BRDA:180,11,0,-
BRDA:180,11,1,34
DA:182,34
DA:184,28
BRDA:184,12,0,28
BRDA:184,12,1,5
DA:186,28
DA:187,28
DA:190,28
DA:193,6
BRDA:193,13,0,1
BRDA:193,13,1,5
DA:195,5
DA:196,5
DA:199,33
DA:201,33
DA:212,9
FN:212,MiniSafeTokenStorage102.getUserTokenShare
FNDA:9,MiniSafeTokenStorage102.getUserTokenShare
DA:213,9
DA:222,3
FN:222,MiniSafeTokenStorage102.getUserDepositTime
FNDA:3,MiniSafeTokenStorage102.getUserDepositTime
DA:223,3
DA:231,46
FN:231,MiniSafeTokenStorage102.setManagerAuthorization
FNDA:46,MiniSafeTokenStorage102.setManagerAuthorization
DA:232,45
BRDA:232,14,0,-
BRDA:232,14,1,45
DA:234,45
DA:236,45
DA:248,3
FN:248,MiniSafeTokenStorage102.updateUserBorrowPosition
FNDA:3,MiniSafeTokenStorage102.updateUserBorrowPosition
DA:255,3
BRDA:255,15,0,-
BRDA:255,15,1,3
DA:256,3
BRDA:256,16,0,-
BRDA:256,16,1,3
DA:257,3
BRDA:257,17,0,-
BRDA:257,17,1,3
DA:259,3
BRDA:259,18,0,3
BRDA:259,18,1,-
DA:261,3
DA:264,0
BRDA:264,19,0,-
BRDA:264,19,1,-
DA:268,0
DA:271,3
DA:281,204
FN:281,MiniSafeTokenStorage102.getUserBorrowPosition
FNDA:204,MiniSafeTokenStorage102.getUserBorrowPosition
DA:286,204
DA:296,29
FN:296,MiniSafeTokenStorage102.setUserCollateralSetting
FNDA:29,MiniSafeTokenStorage102.setUserCollateralSetting
DA:301,29
BRDA:301,20,0,-
BRDA:301,20,1,29
DA:303,29
DA:304,29
DA:306,29
DA:315,93
FN:315,MiniSafeTokenStorage102.getUserCollateralSetting
FNDA:93,MiniSafeTokenStorage102.getUserCollateralSetting
DA:319,93
FNF:14
FNH:14
LF:77
LH:75
BRF:38
BRH:28
end_of_record
TN:
SF:test/AuditFixes.t.sol
DA:20,16
FN:20,MockERC20Audit.decimals
FNDA:16,MockERC20Audit.decimals
DA:21,16
DA:24,39
FN:24,MockERC20Audit.mint
FNDA:39,MockERC20Audit.mint
DA:25,39
DA:28,11
FN:28,MockERC20Audit.transfer
FNDA:11,MockERC20Audit.transfer
DA:29,11
DA:32,34
FN:32,MockERC20Audit.transferFrom
FNDA:34,MockERC20Audit.transferFrom
DA:33,45
BRDA:33,0,0,-
BRDA:33,0,1,45
DA:34,45
BRDA:34,1,0,34
DA:35,34
DA:37,45
DA:38,45
DA:39,45
DA:42,36
FN:42,MockERC20Audit.approve
FNDA:36,MockERC20Audit.approve
DA:43,36
DA:44,36
DA:50,18
FN:50,MockATokenAudit.mint
FNDA:18,MockATokenAudit.mint
DA:51,18
DA:53,4
FN:53,MockATokenAudit.burn
FNDA:4,MockATokenAudit.burn
DA:54,4
BRDA:54,0,0,-
BRDA:54,0,1,4
DA:55,4
DA:57,0
FN:57,MockATokenAudit.transfer
FNDA:0,MockATokenAudit.transfer
DA:58,0
BRDA:58,1,0,-
DA:59,0
DA:60,0
DA:61,0
DA:63,0
DA:65,0
FN:65,MockATokenAudit.transferFrom
FNDA:0,MockATokenAudit.transferFrom
DA:66,0
BRDA:66,2,0,-
DA:67,0
DA:68,0
DA:69,0
DA:71,0
DA:79,7
FN:79,MockAavePoolAudit.setAToken
FNDA:7,MockAavePoolAudit.setAToken
DA:80,7
DA:83,17
FN:83,MockAavePoolAudit.supply
FNDA:17,MockAavePoolAudit.supply
DA:84,17
DA:85,17
DA:88,4
FN:88,MockAavePoolAudit.withdraw
FNDA:4,MockAavePoolAudit.withdraw
DA:89,4
DA:90,4
DA:91,4
DA:98,7
FN:98,MockPoolDataProviderAudit.setAToken
FNDA:7,MockPoolDataProviderAudit.setAToken
DA:99,7
DA:101,7
FN:101,MockPoolDataProviderAudit.getReserveTokensAddresses
FNDA:7,MockPoolDataProviderAudit.getReserveTokensAddresses
DA:102,7
DA:109,7
FN:109,MockRewardsControllerAudit.constructor
FNDA:7,MockRewardsControllerAudit.constructor
DA:110,7
DA:113,20
FN:113,MockRewardsControllerAudit.claimAllRewards
FNDA:20,MockRewardsControllerAudit.claimAllRewards
DA:117,20
DA:119,20
DA:120,20
DA:121,20
DA:122,20
DA:123,0
DA:130,7
FN:130,MockProviderAudit.constructor
FNDA:7,MockProviderAudit.constructor
DA:131,8
FN:131,MockProviderAudit.getPool
FNDA:8,MockProviderAudit.getPool
DA:132,8
FN:132,MockProviderAudit.getPoolDataProvider
FNDA:8,MockProviderAudit.getPoolDataProvider
FNF:19
FNH:17
LF:58
LH:45
BRF:7
BRH:3
end_of_record
TN:
SF:test/IntegrationTests.sol
DA:17,33
FN:17,MockAToken.mint
FNDA:33,MockAToken.mint
DA:18,33
DA:21,8
FN:21,MockAToken.burn
FNDA:8,MockAToken.burn
DA:22,8
BRDA:22,0,0,-
BRDA:22,0,1,8
DA:23,8
DA:34,25
FN:34,MockERC20WithFailures.decimals
FNDA:25,MockERC20WithFailures.decimals
DA:35,25
DA:38,601
FN:38,MockERC20WithFailures.mint
FNDA:601,MockERC20WithFailures.mint
DA:39,601
DA:42,0
FN:42,MockERC20WithFailures.setShouldFailTransfer
FNDA:0,MockERC20WithFailures.setShouldFailTransfer
DA:43,0
DA:46,0
FN:46,MockERC20WithFailures.setShouldFailTransferFrom
FNDA:0,MockERC20WithFailures.setShouldFailTransferFrom
DA:47,0
DA:50,0
FN:50,MockERC20WithFailures.setShouldFailApprove
FNDA:0,MockERC20WithFailures.setShouldFailApprove
DA:51,0
DA:54,25
FN:54,MockERC20WithFailures.transfer
FNDA:25,MockERC20WithFailures.transfer
DA:55,0
BRDA:55,0,0,-
DA:56,0
DA:58,25
BRDA:58,1,0,-
BRDA:58,1,1,25
DA:59,25
DA:60,25
DA:61,25
DA:64,64
FN:64,MockERC20WithFailures.transferFrom
FNDA:64,MockERC20WithFailures.transferFrom
DA:65,0
BRDA:65,2,0,-
DA:66,0
DA:68,64
BRDA:68,3,0,-
BRDA:68,3,1,64
DA:69,64
BRDA:69,4,0,-
BRDA:69,4,1,64
DA:70,64
DA:71,64
DA:72,64
DA:73,64
DA:76,67
FN:76,MockERC20WithFailures.approve
FNDA:67,MockERC20WithFailures.approve
DA:77,0
BRDA:77,5,0,-
DA:78,0
DA:80,67
DA:81,67
DA:92,2
FN:92,MockAavePoolWithFailures.setShouldFailSupply
FNDA:2,MockAavePoolWithFailures.setShouldFailSupply
DA:93,2
DA:96,3
FN:96,MockAavePoolWithFailures.setShouldFailWithdraw
FNDA:3,MockAavePoolWithFailures.setShouldFailWithdraw
DA:97,3
DA:100,115
FN:100,MockAavePoolWithFailures.setATokenAddress
FNDA:115,MockAavePoolWithFailures.setATokenAddress
DA:101,115
DA:104,35
FN:104,MockAavePoolWithFailures.supply
FNDA:35,MockAavePoolWithFailures.supply
DA:105,2
BRDA:105,0,0,2
DA:106,2
DA:109,33
DA:110,33
BRDA:110,1,0,-
BRDA:110,1,1,33
DA:113,33
DA:114,33
BRDA:114,2,0,31
DA:115,31
DA:119,12
FN:119,MockAavePoolWithFailures.withdraw
FNDA:12,MockAavePoolWithFailures.withdraw
DA:120,3
BRDA:120,3,0,3
DA:121,3
DA:124,9
DA:125,9
BRDA:125,4,0,8
DA:126,8
DA:130,9
DA:131,8
BRDA:131,5,0,-
BRDA:131,5,1,8
DA:132,8
DA:142,115
FN:142,MockAaveProviderWithFailures.constructor
FNDA:115,MockAaveProviderWithFailures.constructor
DA:143,115
DA:144,115
DA:147,0
FN:147,MockAaveProviderWithFailures.setShouldFailGetPool
FNDA:0,MockAaveProviderWithFailures.setShouldFailGetPool
DA:148,0
DA:151,0
FN:151,MockAaveProviderWithFailures.setShouldFailGetPoolDataProvider
FNDA:0,MockAaveProviderWithFailures.setShouldFailGetPoolDataProvider
DA:152,0
DA:155,122
FN:155,MockAaveProviderWithFailures.getPool
FNDA:122,MockAaveProviderWithFailures.getPool
DA:156,0
BRDA:156,0,0,-
DA:157,0
DA:159,122
DA:162,122
FN:162,MockAaveProviderWithFailures.getPoolDataProvider
FNDA:122,MockAaveProviderWithFailures.getPoolDataProvider
DA:163,0
BRDA:163,1,0,-
DA:164,0
DA:166,122
DA:174,2
FN:174,MockPoolDataProviderWithFailures.setShouldFailGetReserveTokens
FNDA:2,MockPoolDataProviderWithFailures.setShouldFailGetReserveTokens
DA:175,2
DA:178,123
FN:178,MockPoolDataProviderWithFailures.setATokenAddress
FNDA:123,MockPoolDataProviderWithFailures.setATokenAddress
DA:179,123
DA:182,11
FN:182,MockPoolDataProviderWithFailures.getReserveTokensAddresses
FNDA:11,MockPoolDataProviderWithFailures.getReserveTokensAddresses
DA:183,2
BRDA:183,0,0,2
DA:184,2
DA:186,9
DA:187,9
BRDA:187,1,0,6
DA:188,6
DA:190,3
FNF:23
FNH:18
LF:85
LH:65
BRF:23
BRH:12
end_of_record
TN:
SF:test/Invariant.t.sol
DA:22,8
FN:22,MockERC20.constructor
FNDA:8,MockERC20.constructor
DA:23,8
DA:24,8
DA:27,40
FN:27,MockERC20.mint
FNDA:40,MockERC20.mint
DA:28,40
DA:29,40
DA:32,0
FN:32,MockERC20.transfer
FNDA:0,MockERC20.transfer
DA:33,0
BRDA:33,0,0,-
BRDA:33,0,1,-
DA:34,0
DA:35,0
DA:36,0
DA:39,0
FN:39,MockERC20.transferFrom
FNDA:0,MockERC20.transferFrom
DA:40,0
BRDA:40,1,0,-
BRDA:40,1,1,-
DA:41,0
BRDA:41,2,0,-
BRDA:41,2,1,-
DA:43,0
DA:44,0
DA:45,0
DA:46,0
DA:49,0
FN:49,MockERC20.approve
FNDA:0,MockERC20.approve
DA:50,0
DA:51,0
DA:60,0
FN:60,MockAavePool.setShouldFailSupply
FNDA:0,MockAavePool.setShouldFailSupply
DA:61,0
DA:64,0
FN:64,MockAavePool.setShouldFailWithdraw
FNDA:0,MockAavePool.setShouldFailWithdraw
DA:65,0
DA:68,0
FN:68,MockAavePool.supply
FNDA:0,MockAavePool.supply
DA:69,0
BRDA:69,0,0,-
DA:70,0
DA:72,0
DA:73,0
BRDA:73,1,0,-
BRDA:73,1,1,-
DA:76,0
FN:76,MockAavePool.withdraw
FNDA:0,MockAavePool.withdraw
DA:77,0
BRDA:77,2,0,-
DA:78,0
BRDA:78,3,0,-
BRDA:78,3,1,-
DA:79,0
DA:80,0
DA:81,0
BRDA:81,4,0,-
BRDA:81,4,1,-
DA:82,0
DA:90,0
FN:90,MockAaveDataProvider.setShouldFail
FNDA:0,MockAaveDataProvider.setShouldFail
DA:91,0
DA:94,4
FN:94,MockAaveDataProvider.setAToken
FNDA:4,MockAaveDataProvider.setAToken
DA:95,4
DA:98,0
FN:98,MockAaveDataProvider.getReserveTokensAddresses
FNDA:0,MockAaveDataProvider.getReserveTokensAddresses
DA:103,0
BRDA:103,0,0,-
DA:104,0
DA:112,2
FN:112,MockAaveProvider.constructor
FNDA:2,MockAaveProvider.constructor
DA:113,2
DA:114,2
DA:117,2
FN:117,MockAaveProvider.getPool
FNDA:2,MockAaveProvider.getPool
DA:118,2
DA:121,2
FN:121,MockAaveProvider.getPoolDataProvider
FNDA:2,MockAaveProvider.getPoolDataProvider
DA:122,2
FNF:15
FNH:6
LF:51
LH:15
BRF:15
BRH:0
end_of_record
TN:
SF:test/MiniSafeEdgeCases.t.sol
DA:20,35
FN:20,MockERC20EdgeCase.decimals
FNDA:35,MockERC20EdgeCase.decimals
DA:21,35
DA:24,85
FN:24,MockERC20EdgeCase.mint
FNDA:85,MockERC20EdgeCase.mint
DA:25,85
DA:28,11
FN:28,MockERC20EdgeCase.transfer
FNDA:11,MockERC20EdgeCase.transfer
DA:29,11
DA:32,72
FN:32,MockERC20EdgeCase.transferFrom
FNDA:72,MockERC20EdgeCase.transferFrom
DA:33,83
BRDA:33,0,0,-
BRDA:33,0,1,83
DA:34,83
BRDA:34,1,0,72
DA:35,72
DA:37,83
DA:38,83
DA:39,83
DA:42,78
FN:42,MockERC20EdgeCase.approve
FNDA:78,MockERC20EdgeCase.approve
DA:43,78
DA:44,78
DA:50,36
FN:50,MockATokenEdgeCase.mint
FNDA:36,MockATokenEdgeCase.mint
DA:51,36
DA:53,3
FN:53,MockATokenEdgeCase.burn
FNDA:3,MockATokenEdgeCase.burn
DA:54,3
BRDA:54,0,0,-
BRDA:54,0,1,3
DA:55,3
DA:57,0
FN:57,MockATokenEdgeCase.transfer
FNDA:0,MockATokenEdgeCase.transfer
DA:58,0
BRDA:58,1,0,-
DA:59,0
DA:60,0
DA:61,0
DA:63,0
DA:65,0
FN:65,MockATokenEdgeCase.transferFrom
FNDA:0,MockATokenEdgeCase.transferFrom
DA:66,0
BRDA:66,2,0,-
DA:67,0
DA:68,0
DA:69,0
DA:71,0
DA:79,27
FN:79,MockAavePoolEdgeCase.setAToken
FNDA:27,MockAavePoolEdgeCase.setAToken
DA:80,27
DA:83,36
FN:83,MockAavePoolEdgeCase.supply
FNDA:36,MockAavePoolEdgeCase.supply
DA:84,36
DA:85,36
DA:88,3
FN:88,MockAavePoolEdgeCase.withdraw
FNDA:3,MockAavePoolEdgeCase.withdraw
DA:89,3
DA:90,3
DA:91,3
DA:98,27
FN:98,MockPoolDataProviderEdgeCase.setAToken
FNDA:27,MockPoolDataProviderEdgeCase.setAToken
DA:99,27
DA:101,27
FN:101,MockPoolDataProviderEdgeCase.getReserveTokensAddresses
FNDA:27,MockPoolDataProviderEdgeCase.getReserveTokensAddresses
DA:102,27
DA:109,27
FN:109,MockRewardsControllerEdgeCase.constructor
FNDA:27,MockRewardsControllerEdgeCase.constructor
DA:110,27
DA:113,42
FN:113,MockRewardsControllerEdgeCase.claimAllRewards
FNDA:42,MockRewardsControllerEdgeCase.claimAllRewards
DA:117,42
DA:119,42
DA:120,42
DA:121,42
DA:122,42
DA:123,0
DA:130,27
FN:130,MockProviderEdgeCase.constructor
FNDA:27,MockProviderEdgeCase.constructor
DA:131,28
FN:131,MockProviderEdgeCase.getPool
FNDA:28,MockProviderEdgeCase.getPool
DA:132,28
FN:132,MockProviderEdgeCase.getPoolDataProvider
FNDA:28,MockProviderEdgeCase.getPoolDataProvider
DA:140,6
FN:140,MockFailingAavePool.setShouldPanic
FNDA:6,MockFailingAavePool.setShouldPanic
DA:141,6
DA:144,6
FN:144,MockFailingAavePool.setShouldRevertString
FNDA:6,MockFailingAavePool.setShouldRevertString
DA:145,6
DA:148,2
FN:148,MockFailingAavePool.supply
FNDA:2,MockFailingAavePool.supply
DA:149,1
BRDA:149,0,0,1
DA:150,1
DA:151,1
DA:153,1
BRDA:153,1,0,1
DA:154,1
DA:158,4
FN:158,MockFailingAavePool.withdraw
FNDA:4,MockFailingAavePool.withdraw
DA:159,2
BRDA:159,2,0,2
DA:160,2
DA:161,2
DA:163,2
BRDA:163,3,0,2
DA:164,2
DA:166,0
DA:176,27
FN:176,MockTokenStorage.constructor
FNDA:27,MockTokenStorage.constructor
DA:177,27
DA:180,6
FN:180,MockTokenStorage.getTokenATokenAddress
FNDA:6,MockTokenStorage.getTokenATokenAddress
DA:181,6
DA:184,7
FN:184,MockTokenStorage.isValidToken
FNDA:7,MockTokenStorage.isValidToken
DA:185,7
DA:188,0
FN:188,MockTokenStorage.authorizedManagers
FNDA:0,MockTokenStorage.authorizedManagers
DA:189,0
DA:192,3
FN:192,MockTokenStorage.setAToken
FNDA:3,MockTokenStorage.setAToken
DA:193,3
DA:194,3
DA:200,27
FN:200,MockSimpleProvider.constructor
FNDA:27,MockSimpleProvider.constructor
DA:201,27
FN:201,MockSimpleProvider.getPool
FNDA:27,MockSimpleProvider.getPool
DA:202,27
FN:202,MockSimpleProvider.getPoolDataProvider
FNDA:27,MockSimpleProvider.getPoolDataProvider
FNF:31
FNH:28
LF:89
LH:73
BRF:11
BRH:7
end_of_record
TN:
SF:test/MiniSafeSystem.t.sol
DA:16,5
FN:16,MockAaveProvider.getPool
FNDA:5,MockAaveProvider.getPool
DA:17,5
DA:19,5
FN:19,MockAaveProvider.getPoolDataProvider
FNDA:5,MockAaveProvider.getPoolDataProvider
DA:20,5
DA:25,0
FN:25,MockAavePoolDataProvider.getReserveTokensAddresses
FNDA:0,MockAavePoolDataProvider.getReserveTokensAddresses
DA:26,0
DA:282,0
FN:282,MockERC20.constructor
FNDA:0,MockERC20.constructor
DA:283,0
DA:286,0
FN:286,MockERC20.mint
FNDA:0,MockERC20.mint
DA:287,0
FNF:5
FNH:2
LF:10
LH:4
BRF:0
BRH:0
end_of_record
TN:
SF:test/MiniSafeThriftComplete.t.sol
DA:18,1069
FN:18,MockERC20.mint
FNDA:1069,MockERC20.mint
DA:19,1069
DA:27,161
FN:27,MockAToken.constructor
FNDA:161,MockAToken.constructor
DA:28,161
DA:31,115
FN:31,MockAToken.mint
FNDA:115,MockAToken.mint
DA:32,115
DA:40,163
FN:40,MockAavePool.setAToken
FNDA:163,MockAavePool.setAToken
DA:41,163
DA:44,115
FN:44,MockAavePool.supply
FNDA:115,MockAavePool.supply
DA:45,115
DA:46,115
BRDA:46,0,0,-
BRDA:46,0,1,115
DA:47,115
DA:50,12
FN:50,MockAavePool.withdraw
FNDA:12,MockAavePool.withdraw
DA:51,12
DA:52,12
BRDA:52,1,0,-
BRDA:52,1,1,12
DA:55,12
BRDA:55,2,0,-
DA:56,0
DA:60,12
DA:61,12
BRDA:61,3,0,-
DA:63,0
DA:67,12
BRDA:67,4,0,-
BRDA:67,4,1,-
DA:70,0
DA:74,12
DA:75,12
BRDA:75,5,0,-
BRDA:75,5,1,12
DA:76,12
DA:88,164
FN:88,MockPoolDataProvider.setAToken
FNDA:164,MockPoolDataProvider.setAToken
DA:89,164
DA:92,327
FN:92,MockPoolDataProvider.getReserveTokensAddresses
FNDA:327,MockPoolDataProvider.getReserveTokensAddresses
DA:93,327
DA:101,161
FN:101,MockAddressesProvider.constructor
FNDA:161,MockAddressesProvider.constructor
DA:102,161
DA:103,161
DA:106,164
FN:106,MockAddressesProvider.getPool
FNDA:164,MockAddressesProvider.getPool
DA:107,164
DA:110,164
FN:110,MockAddressesProvider.getPoolDataProvider
FNDA:164,MockAddressesProvider.getPoolDataProvider
DA:111,164
FNF:11
FNH:11
LF:36
LH:33
BRF:10
BRH:3
end_of_record
TN:
SF:test/legacytest/MiniSafeAaveIntegration.t.sol
DA:22,23
FN:22,MockAavePool.constructor
FNDA:23,MockAavePool.constructor
DA:23,23
DA:24,23
DA:26,0
FN:26,MockAavePool.getReserveData
FNDA:0,MockAavePool.getReserveData
DA:27,0
DA:28,0
BRDA:28,0,0,-
BRDA:28,0,1,-
DA:29,0
DA:31,0
DA:33,0
DA:36,4
FN:36,MockAavePool.supply
FNDA:4,MockAavePool.supply
DA:38,4
DA:41,4
DA:44,4
DA:45,4
BRDA:45,1,0,-
BRDA:45,1,1,4
DA:46,0
DA:48,4
DA:51,4
DA:54,5
FN:54,MockAavePool.withdraw
FNDA:5,MockAavePool.withdraw
DA:57,5
BRDA:57,2,0,-
DA:58,0
DA:60,5
DA:63,5
DA:65,5
DA:69,0
FN:69,MockAavePool.borrow
FNDA:0,MockAavePool.borrow
DA:70,0
FN:70,MockAavePool.repay
FNDA:0,MockAavePool.repay
DA:71,0
FN:71,MockAavePool.repayWithATokens
FNDA:0,MockAavePool.repayWithATokens
DA:72,0
FN:72,MockAavePool.repayWithPermit
FNDA:0,MockAavePool.repayWithPermit
DA:73,0
FN:73,MockAavePool.swapBorrowRateMode
FNDA:0,MockAavePool.swapBorrowRateMode
DA:74,0
FN:74,MockAavePool.rebalanceStableBorrowRate
FNDA:0,MockAavePool.rebalanceStableBorrowRate
DA:75,0
FN:75,MockAavePool.setUserUseReserveAsCollateral
FNDA:0,MockAavePool.setUserUseReserveAsCollateral
DA:76,0
FN:76,MockAavePool.liquidationCall
FNDA:0,MockAavePool.liquidationCall
DA:77,0
FN:77,MockAavePool.flashLoan
FNDA:0,MockAavePool.flashLoan
DA:78,0
FN:78,MockAavePool.flashLoanSimple
FNDA:0,MockAavePool.flashLoanSimple
DA:79,0
FN:79,MockAavePool.mintToTreasury
FNDA:0,MockAavePool.mintToTreasury
DA:80,0
FN:80,MockAavePool.getReservesList
FNDA:0,MockAavePool.getReservesList
DA:81,0
FN:81,MockAavePool.getReservesCount
FNDA:0,MockAavePool.getReservesCount
DA:82,39
FN:82,MockAavePool.getUserAccountData
FNDA:39,MockAavePool.getUserAccountData
DA:85,39
DA:87,0
FN:87,MockAavePool.initReserve
FNDA:0,MockAavePool.initReserve
DA:88,0
FN:88,MockAavePool.dropReserve
FNDA:0,MockAavePool.dropReserve
DA:89,0
FN:89,MockAavePool.setReserveInterestRateStrategyAddress
FNDA:0,MockAavePool.setReserveInterestRateStrategyAddress
DA:90,0
FN:90,MockAavePool.setConfiguration
FNDA:0,MockAavePool.setConfiguration
DA:91,0
FN:91,MockAavePool.getConfiguration
FNDA:0,MockAavePool.getConfiguration
DA:92,0
FN:92,MockAavePool.configureEModeCategory
FNDA:0,MockAavePool.configureEModeCategory
DA:93,0
FN:93,MockAavePool.getEModeCategoryData
FNDA:0,MockAavePool.getEModeCategoryData
DA:94,0
FN:94,MockAavePool.resetIsolationModeTotalDebt
FNDA:0,MockAavePool.resetIsolationModeTotalDebt
DA:95,0
FN:95,MockAavePool.setPause
FNDA:0,MockAavePool.setPause
DA:96,0
FN:96,MockAavePool.paused
FNDA:0,MockAavePool.paused
DA:97,0
FN:97,MockAavePool.setReserveActive
FNDA:0,MockAavePool.setReserveActive
DA:98,0
FN:98,MockAavePool.setReserveBorrowing
FNDA:0,MockAavePool.setReserveBorrowing
DA:99,0
FN:99,MockAavePool.getReserveNormalizedIncome
FNDA:0,MockAavePool.getReserveNormalizedIncome
DA:100,0
FN:100,MockAavePool.getReserveNormalizedVariableDebt
FNDA:0,MockAavePool.getReserveNormalizedVariableDebt
DA:101,0
FN:101,MockAavePool.finalizeTransfer
FNDA:0,MockAavePool.finalizeTransfer
DA:102,0
FN:102,MockAavePool.getReserveAddressById
FNDA:0,MockAavePool.getReserveAddressById
DA:103,0
FN:103,MockAavePool.rescueTokens
FNDA:0,MockAavePool.rescueTokens
DA:104,0
FN:104,MockAavePool.deposit
FNDA:0,MockAavePool.deposit
DA:105,0
FN:105,MockAavePool.setUserEMode
FNDA:0,MockAavePool.setUserEMode
DA:106,0
FN:106,MockAavePool.getUserEMode
FNDA:0,MockAavePool.getUserEMode
DA:109,0
FN:109,MockAavePool.ADDRESSES_PROVIDER
FNDA:0,MockAavePool.ADDRESSES_PROVIDER
DA:110,0
DA:113,0
FN:113,MockAavePool.BRIDGE_PROTOCOL_FEE
FNDA:0,MockAavePool.BRIDGE_PROTOCOL_FEE
DA:114,0
DA:117,0
FN:117,MockAavePool.FLASHLOAN_PREMIUM_TOTAL
FNDA:0,MockAavePool.FLASHLOAN_PREMIUM_TOTAL
DA:118,0
DA:121,0
FN:121,MockAavePool.FLASHLOAN_PREMIUM_TO_PROTOCOL
FNDA:0,MockAavePool.FLASHLOAN_PREMIUM_TO_PROTOCOL
DA:122,0
DA:125,0
FN:125,MockAavePool.MAX_NUMBER_RESERVES
FNDA:0,MockAavePool.MAX_NUMBER_RESERVES
DA:126,0
DA:129,0
FN:129,MockAavePool.MAX_STABLE_RATE_BORROW_SIZE_PERCENT
FNDA:0,MockAavePool.MAX_STABLE_RATE_BORROW_SIZE_PERCENT
DA:130,0
DA:133,0
FN:133,MockAavePool.backUnbacked
FNDA:0,MockAavePool.backUnbacked
DA:134,0
DA:137,0
FN:137,MockAavePool.getUserConfiguration
FNDA:0,MockAavePool.getUserConfiguration
DA:138,0
DA:141,0
FN:141,MockAavePool.mintUnbacked
FNDA:0,MockAavePool.mintUnbacked
DA:143,0
FN:143,MockAavePool.supplyWithPermit
FNDA:0,MockAavePool.supplyWithPermit
DA:145,0
FN:145,MockAavePool.updateBridgeProtocolFee
FNDA:0,MockAavePool.updateBridgeProtocolFee
DA:147,0
FN:147,MockAavePool.updateFlashloanPremiums
FNDA:0,MockAavePool.updateFlashloanPremiums
DA:157,9
FN:157,MockAavePoolImpl.setMockCUSD
FNDA:9,MockAavePoolImpl.setMockCUSD
DA:158,9
DA:161,0
FN:161,MockAavePoolImpl.getReserveData
FNDA:0,MockAavePoolImpl.getReserveData
DA:162,0
DA:163,0
BRDA:163,0,0,-
BRDA:163,0,1,-
DA:164,0
DA:166,0
DA:168,0
DA:171,23
FN:171,MockAavePoolImpl.supply
FNDA:23,MockAavePoolImpl.supply
DA:173,23
DA:176,23
DA:179,23
DA:180,23
BRDA:180,1,0,17
BRDA:180,1,1,6
DA:181,17
DA:183,6
DA:186,23
DA:189,3
FN:189,MockAavePoolImpl.borrow
FNDA:3,MockAavePoolImpl.borrow
DA:192,3
DA:199,22
FN:199,MockAaveAddressesProvider.constructor
FNDA:22,MockAaveAddressesProvider.constructor
DA:200,22
DA:203,22
FN:203,MockAaveAddressesProvider.getPool
FNDA:22,MockAaveAddressesProvider.getPool
DA:204,22
DA:208,0
FN:208,MockAaveAddressesProvider.getAddress
FNDA:0,MockAaveAddressesProvider.getAddress
DA:209,0
FN:209,MockAaveAddressesProvider.setAddressAsProxy
FNDA:0,MockAaveAddressesProvider.setAddressAsProxy
DA:210,0
FN:210,MockAaveAddressesProvider.setAddress
FNDA:0,MockAaveAddressesProvider.setAddress
DA:211,0
FN:211,MockAaveAddressesProvider.getMarketId
FNDA:0,MockAaveAddressesProvider.getMarketId
DA:212,0
FN:212,MockAaveAddressesProvider.setMarketId
FNDA:0,MockAaveAddressesProvider.setMarketId
DA:213,0
FN:213,MockAaveAddressesProvider.getPoolConfigurator
FNDA:0,MockAaveAddressesProvider.getPoolConfigurator
DA:214,0
FN:214,MockAaveAddressesProvider.getPriceOracle
FNDA:0,MockAaveAddressesProvider.getPriceOracle
DA:215,0
FN:215,MockAaveAddressesProvider.getACLManager
FNDA:0,MockAaveAddressesProvider.getACLManager
DA:216,0
FN:216,MockAaveAddressesProvider.getACLAdmin
FNDA:0,MockAaveAddressesProvider.getACLAdmin
DA:217,0
FN:217,MockAaveAddressesProvider.setPriceOracle
FNDA:0,MockAaveAddressesProvider.setPriceOracle
DA:218,0
FN:218,MockAaveAddressesProvider.setACLManager
FNDA:0,MockAaveAddressesProvider.setACLManager
DA:219,0
FN:219,MockAaveAddressesProvider.setACLAdmin
FNDA:0,MockAaveAddressesProvider.setACLAdmin
DA:220,0
FN:220,MockAaveAddressesProvider.getPriceOracleSentinel
FNDA:0,MockAaveAddressesProvider.getPriceOracleSentinel
DA:221,0
FN:221,MockAaveAddressesProvider.setPriceOracleSentinel
FNDA:0,MockAaveAddressesProvider.setPriceOracleSentinel
DA:224,22
FN:224,MockAaveAddressesProvider.setPoolDataProvider
FNDA:22,MockAaveAddressesProvider.setPoolDataProvider
DA:225,22
DA:228,22
FN:228,MockAaveAddressesProvider.getPoolDataProvider
FNDA:22,MockAaveAddressesProvider.getPoolDataProvider
DA:229,22
DA:238,0
FN:238,MockAaveAddressesProviderImpl.setPoolImpl
FNDA:0,MockAaveAddressesProviderImpl.setPoolImpl
DA:239,0
FN:239,MockAaveAddressesProviderImpl.setPoolConfiguratorImpl
FNDA:0,MockAaveAddressesProviderImpl.setPoolConfiguratorImpl
DA:247,54
FN:247,MockAToken.mint
FNDA:54,MockAToken.mint
DA:248,54
DA:249,54
DA:252,0
FN:252,MockAToken.burn
FNDA:0,MockAToken.burn
DA:253,0
BRDA:253,0,0,-
DA:254,0
DA:256,0
DA:257,0
DA:260,59
FN:260,MockAToken.balanceOf
FNDA:59,MockAToken.balanceOf
DA:261,59
DA:264,0
FN:264,MockAToken.transfer
FNDA:0,MockAToken.transfer
DA:265,0
BRDA:265,1,0,-
DA:266,0
DA:268,0
DA:269,0
DA:270,0
DA:273,0
FN:273,MockAToken.allowance
FNDA:0,MockAToken.allowance
DA:274,0
DA:277,0
FN:277,MockAToken.approve
FNDA:0,MockAToken.approve
DA:278,0
DA:279,0
DA:282,0
FN:282,MockAToken.transferFrom
FNDA:0,MockAToken.transferFrom
DA:283,0
BRDA:283,2,0,-
DA:284,0
DA:286,0
DA:287,0
DA:288,0
DA:289,0
DA:298,0
FN:298,MockAaveAddressesProviderConcrete.setPoolImpl
FNDA:0,MockAaveAddressesProviderConcrete.setPoolImpl
DA:299,0
FN:299,MockAaveAddressesProviderConcrete.setPoolConfiguratorImpl
FNDA:0,MockAaveAddressesProviderConcrete.setPoolConfiguratorImpl
DA:307,78
FN:307,MockERC20.mint
FNDA:78,MockERC20.mint
DA:308,78
DA:309,78
DA:312,20
FN:312,MockERC20.balanceOf
FNDA:20,MockERC20.balanceOf
DA:313,20
DA:316,13
FN:316,MockERC20.transfer
FNDA:13,MockERC20.transfer
DA:317,13
BRDA:317,0,0,-
DA:318,0
DA:320,13
DA:321,13
DA:322,13
DA:325,0
FN:325,MockERC20.allowance
FNDA:0,MockERC20.allowance
DA:326,0
DA:329,79
FN:329,MockERC20.approve
FNDA:79,MockERC20.approve
DA:330,79
DA:331,79
DA:334,78
FN:334,MockERC20.transferFrom
FNDA:78,MockERC20.transferFrom
DA:335,78
BRDA:335,1,0,-
DA:336,0
DA:338,78
DA:339,78
DA:340,78
DA:341,78
DA:531,22
FN:531,MockPoolDataProvider.constructor
FNDA:22,MockPoolDataProvider.constructor
DA:532,22
DA:533,22
DA:536,9
FN:536,MockPoolDataProvider.setMockCUSD
FNDA:9,MockPoolDataProvider.setMockCUSD
DA:537,9
DA:540,53
FN:540,MockPoolDataProvider.getReserveTokensAddresses
FNDA:53,MockPoolDataProvider.getReserveTokensAddresses
DA:545,53
BRDA:545,0,0,31
BRDA:545,0,1,22
DA:546,31
DA:548,22
FNF:92
FNH:21
LF:182
LH:70
BRF:16
BRH:5
end_of_record
